2024.04.10 15:32:44 INFO  Started: Metals version 1.2.2 in folders '/Users/szymon/Documents/Studia-UWr/Scala/lista5' for client Visual Studio Code 1.87.2.
15:32:44.606 [pool-1-thread-1] INFO org.flywaydb.core.internal.license.VersionPrinter -- Flyway Community Edition 9.22.3 by Redgate
15:32:44.614 [pool-1-thread-1] INFO org.flywaydb.core.internal.license.VersionPrinter -- See release notes here: https://rd.gt/416ObMi
15:32:44.614 [pool-1-thread-1] INFO org.flywaydb.core.internal.license.VersionPrinter -- 
15:32:44.616 [pool-1-thread-1] DEBUG org.flywaydb.core.internal.scanner.classpath.ClassPathScanner -- Scanning for classpath resources at 'classpath:db/callback' ...
15:32:44.616 [pool-1-thread-1] DEBUG org.flywaydb.core.internal.scanner.classpath.ClassPathScanner -- Determining location urls for classpath:db/callback using ClassLoader jdk.internal.loader.ClassLoaders$AppClassLoader@42110406 ...
15:32:44.616 [pool-1-thread-1] DEBUG org.flywaydb.core.internal.scanner.classpath.ClassPathScanner -- Unable to resolve location classpath:db/callback.
15:32:44.616 [pool-1-thread-1] DEBUG org.flywaydb.core.internal.scanner.classpath.ClassPathScanner -- Scanning for classpath resources at 'classpath:db/migration' ...
15:32:44.616 [pool-1-thread-1] DEBUG org.flywaydb.core.internal.scanner.classpath.ClassPathScanner -- Determining location urls for classpath:db/migration using ClassLoader jdk.internal.loader.ClassLoaders$AppClassLoader@42110406 ...
15:32:44.620 [pool-1-thread-1] DEBUG org.flywaydb.core.internal.scanner.classpath.ClassPathScanner -- Scanning URL: jar:file:/Users/szymon/Library/Caches/Coursier/v1/https/repo1.maven.org/maven2/org/scalameta/metals_2.13/1.2.2/metals_2.13-1.2.2.jar!/db/migration
15:32:44.623 [pool-1-thread-1] DEBUG org.flywaydb.core.internal.scanner.classpath.ClassPathScanner -- Found resource: db/migration/
15:32:44.623 [pool-1-thread-1] DEBUG org.flywaydb.core.internal.scanner.classpath.ClassPathScanner -- Found resource: db/migration/V1__Create_tables.sql
15:32:44.623 [pool-1-thread-1] DEBUG org.flywaydb.core.internal.scanner.classpath.ClassPathScanner -- Found resource: db/migration/V2__Server_discovery.sql
15:32:44.623 [pool-1-thread-1] DEBUG org.flywaydb.core.internal.scanner.classpath.ClassPathScanner -- Found resource: db/migration/V3__Jar_symbols.sql
15:32:44.623 [pool-1-thread-1] DEBUG org.flywaydb.core.internal.scanner.classpath.ClassPathScanner -- Found resource: db/migration/V4__Fingerprints.sql
15:32:44.623 [pool-1-thread-1] DEBUG org.flywaydb.core.internal.scanner.classpath.ClassPathScanner -- Scanning for classes at classpath:db/migration
15:32:44.631 [pool-1-thread-1] DEBUG org.flywaydb.core.internal.scanner.Scanner -- Filtering out resource: db/migration/ (filename: )
15:32:44.631 [pool-1-thread-1] DEBUG org.flywaydb.core.internal.resource.ResourceNameValidator -- Validating V3__Jar_symbols.sql
15:32:44.632 [pool-1-thread-1] DEBUG org.flywaydb.core.internal.resource.ResourceNameValidator -- Validating V1__Create_tables.sql
15:32:44.632 [pool-1-thread-1] DEBUG org.flywaydb.core.internal.resource.ResourceNameValidator -- Validating V2__Server_discovery.sql
15:32:44.632 [pool-1-thread-1] DEBUG org.flywaydb.core.internal.resource.ResourceNameValidator -- Validating V4__Fingerprints.sql
15:32:44.700 [pool-1-thread-1] INFO org.flywaydb.core.FlywayExecutor -- Database: jdbc:h2:file:/Users/szymon/Documents/Studia-UWr/Scala/lista5/.metals/metals (H2 2.2)
15:32:44.700 [pool-1-thread-1] DEBUG org.flywaydb.core.FlywayExecutor -- Driver: H2 JDBC Driver 2.2.224 (2023-09-17)
15:32:44.700 [pool-1-thread-1] DEBUG org.flywaydb.core.FlywayExecutor -- DDL Transactions Supported: false
15:32:44.701 [pool-1-thread-1] DEBUG org.flywaydb.core.internal.schemahistory.SchemaHistoryFactory -- Schemas: 
15:32:44.701 [pool-1-thread-1] DEBUG org.flywaydb.core.internal.schemahistory.SchemaHistoryFactory -- Default schema: null
15:32:44.705 [pool-1-thread-1] WARN org.flywaydb.core.internal.database.base.Database -- Flyway upgrade recommended: H2 2.2.224 is newer than this version of Flyway and support has not been tested. The latest supported version of H2 is 2.2.220.
15:32:44.705 [pool-1-thread-1] DEBUG org.flywaydb.core.internal.callback.SqlScriptCallbackFactory -- Scanning for SQL callbacks ...
15:32:44.705 [pool-1-thread-1] DEBUG org.flywaydb.core.internal.scanner.Scanner -- Filtering out resource: db/migration/ (filename: )
15:32:44.711 [pool-1-thread-1] DEBUG org.flywaydb.core.internal.command.DbValidate -- Validating migrations ...
15:32:44.713 [pool-1-thread-1] DEBUG org.flywaydb.core.internal.scanner.Scanner -- Filtering out resource: db/migration/ (filename: )
15:32:44.719 [pool-1-thread-1] DEBUG org.flywaydb.core.internal.scanner.Scanner -- Filtering out resource: db/migration/ (filename: )
15:32:44.719 [pool-1-thread-1] DEBUG org.flywaydb.core.internal.scanner.Scanner -- Filtering out resource: db/migration/V3__Jar_symbols.sql (filename: V3__Jar_symbols.sql)
15:32:44.719 [pool-1-thread-1] DEBUG org.flywaydb.core.internal.scanner.Scanner -- Filtering out resource: db/migration/V1__Create_tables.sql (filename: V1__Create_tables.sql)
15:32:44.719 [pool-1-thread-1] DEBUG org.flywaydb.core.internal.scanner.Scanner -- Filtering out resource: db/migration/V2__Server_discovery.sql (filename: V2__Server_discovery.sql)
15:32:44.719 [pool-1-thread-1] DEBUG org.flywaydb.core.internal.scanner.Scanner -- Filtering out resource: db/migration/V4__Fingerprints.sql (filename: V4__Fingerprints.sql)
15:32:44.719 [pool-1-thread-1] DEBUG org.flywaydb.core.internal.scanner.Scanner -- Filtering out resource: db/migration/ (filename: )
15:32:44.719 [pool-1-thread-1] DEBUG org.flywaydb.core.internal.scanner.Scanner -- Filtering out resource: db/migration/V3__Jar_symbols.sql (filename: V3__Jar_symbols.sql)
15:32:44.719 [pool-1-thread-1] DEBUG org.flywaydb.core.internal.scanner.Scanner -- Filtering out resource: db/migration/V1__Create_tables.sql (filename: V1__Create_tables.sql)
15:32:44.719 [pool-1-thread-1] DEBUG org.flywaydb.core.internal.scanner.Scanner -- Filtering out resource: db/migration/V2__Server_discovery.sql (filename: V2__Server_discovery.sql)
15:32:44.719 [pool-1-thread-1] DEBUG org.flywaydb.core.internal.scanner.Scanner -- Filtering out resource: db/migration/V4__Fingerprints.sql (filename: V4__Fingerprints.sql)
15:32:44.721 [pool-1-thread-1] INFO org.flywaydb.core.internal.schemahistory.JdbcTableSchemaHistory -- Schema history table "PUBLIC"."flyway_schema_history" does not exist yet
15:32:44.723 [pool-1-thread-1] INFO org.flywaydb.core.internal.command.DbValidate -- Successfully validated 4 migrations (execution time 00:00.011s)
15:32:44.724 [pool-1-thread-1] DEBUG org.flywaydb.core.internal.command.DbSchemas -- Skipping creation of existing schema: "PUBLIC"
15:32:44.726 [pool-1-thread-1] INFO org.flywaydb.core.internal.schemahistory.JdbcTableSchemaHistory -- Creating Schema History table "PUBLIC"."flyway_schema_history" ...
15:32:44.727 [pool-1-thread-1] DEBUG org.flywaydb.core.internal.parser.Parser -- Parsing  ...
15:32:44.741 [pool-1-thread-1] DEBUG org.flywaydb.core.internal.sqlscript.ParserSqlScript -- Found statement at line 1: CREATE TABLE IF NOT EXISTS "PUBLIC"."flyway_schema_history" (
    "installed_rank" INT NOT NULL,
    "version" VARCHAR(50),
    "description" VARCHAR(200) NOT NULL,
    "type" VARCHAR(20) NOT NULL,
    "script" VARCHAR(1000) NOT NULL,
    "checksum" INT,
    "installed_by" VARCHAR(100) NOT NULL,
    "installed_on" TIMESTAMP NOT NULL DEFAULT CURRENT_TIMESTAMP,
    "execution_time" INT NOT NULL,
    "success" BOOLEAN NOT NULL,
    CONSTRAINT "flyway_schema_history_pk" PRIMARY KEY ("installed_rank")
) AS SELECT -1, NULL, '<< Flyway Schema History table created >>', 'TABLE', '', NULL, 'SA', CURRENT_TIMESTAMP, 0, TRUE
15:32:44.741 [pool-1-thread-1] DEBUG org.flywaydb.core.internal.sqlscript.ParserSqlScript -- Found statement at line 14: CREATE INDEX "PUBLIC"."flyway_schema_history_s_idx" ON "PUBLIC"."flyway_schema_history" ("success")
15:32:44.741 [pool-1-thread-1] DEBUG org.flywaydb.core.internal.sqlscript.DefaultSqlScriptExecutor -- Executing SQL: CREATE TABLE IF NOT EXISTS "PUBLIC"."flyway_schema_history" (
    "installed_rank" INT NOT NULL,
    "version" VARCHAR(50),
    "description" VARCHAR(200) NOT NULL,
    "type" VARCHAR(20) NOT NULL,
    "script" VARCHAR(1000) NOT NULL,
    "checksum" INT,
    "installed_by" VARCHAR(100) NOT NULL,
    "installed_on" TIMESTAMP NOT NULL DEFAULT CURRENT_TIMESTAMP,
    "execution_time" INT NOT NULL,
    "success" BOOLEAN NOT NULL,
    CONSTRAINT "flyway_schema_history_pk" PRIMARY KEY ("installed_rank")
) AS SELECT -1, NULL, '<< Flyway Schema History table created >>', 'TABLE', '', NULL, 'SA', CURRENT_TIMESTAMP, 0, TRUE
15:32:44.748 [pool-1-thread-1] DEBUG org.flywaydb.core.internal.sqlscript.DefaultSqlScriptExecutor -- 0 rows affected
15:32:44.748 [pool-1-thread-1] DEBUG org.flywaydb.core.internal.sqlscript.DefaultSqlScriptExecutor -- Executing SQL: CREATE INDEX "PUBLIC"."flyway_schema_history_s_idx" ON "PUBLIC"."flyway_schema_history" ("success")
15:32:44.750 [pool-1-thread-1] DEBUG org.flywaydb.core.internal.sqlscript.DefaultSqlScriptExecutor -- 0 rows affected
15:32:44.750 [pool-1-thread-1] DEBUG org.flywaydb.core.internal.schemahistory.JdbcTableSchemaHistory -- Created Schema History table "PUBLIC"."flyway_schema_history"
15:32:44.756 [pool-1-thread-1] INFO org.flywaydb.core.internal.command.DbMigrate -- Current version of schema "PUBLIC": << Empty Schema >>
15:32:44.756 [pool-1-thread-1] DEBUG org.flywaydb.core.internal.parser.Parser -- Parsing V1__Create_tables.sql ...
15:32:44.759 [pool-1-thread-1] DEBUG org.flywaydb.core.internal.sqlscript.ParserSqlScript -- Found statement at line 4: -- The relationship between library dependency sources under .metals/readonly/**
-- and build targets they belong to. Required to know what classpath to use
-- for compiling dependency sources.
create table dependency_source(
  text_document_uri varchar primary key,
  build_target_uri varchar not null
)
15:32:44.760 [pool-1-thread-1] DEBUG org.flywaydb.core.internal.sqlscript.ParserSqlScript -- Found statement at line 12: -- The relationship between library dependency sources under .metals/readonly/**
-- and worksheets they belong to. Required to know what classpath to use
-- for compiling dependency sources.
create table worksheet_dependency_source(
  text_document_uri varchar primary key,
  worksheet_uri varchar not null
)
15:32:44.761 [pool-1-thread-1] DEBUG org.flywaydb.core.internal.sqlscript.ParserSqlScript -- Found statement at line 19: -- The relationship between what library dependency sources under .metals/readonly/**
-- map to which build targets.
create table sbt_digest(
  md5 varchar,
  status tinyint not null,
  when_recorded timestamp
)
15:32:44.761 [pool-1-thread-1] DEBUG org.flywaydb.core.internal.sqlscript.ParserSqlScript -- Found statement at line 27: -- Which window/showMessage and window/showMessageRequest dialogues have been dismissed
-- by the user via "Don't show again" or closed by clicking on "x".
create table dismissed_notification(
  id int,
  when_dismissed timestamp,
  when_expires timestamp
)
15:32:44.761 [pool-1-thread-1] DEBUG org.flywaydb.core.internal.sqlscript.ParserSqlScript -- Found statement at line 34: -- The choice of build tool when multiple build tool files are found in a workspace
create table chosen_build_tool(
  build_tool varchar primary key
)
15:32:44.763 [pool-1-thread-1] DEBUG org.flywaydb.core.internal.command.DbMigrate -- Starting migration of schema "PUBLIC" to version "1 - Create tables" ...
15:32:44.764 [pool-1-thread-1] INFO org.flywaydb.core.internal.command.DbMigrate -- Migrating schema "PUBLIC" to version "1 - Create tables"
15:32:44.764 [pool-1-thread-1] DEBUG org.flywaydb.core.internal.sqlscript.DefaultSqlScriptExecutor -- Executing SQL: -- The relationship between library dependency sources under .metals/readonly/**
-- and build targets they belong to. Required to know what classpath to use
-- for compiling dependency sources.
create table dependency_source(
  text_document_uri varchar primary key,
  build_target_uri varchar not null
)
15:32:44.765 [pool-1-thread-1] DEBUG org.flywaydb.core.internal.sqlscript.DefaultSqlScriptExecutor -- 0 rows affected
15:32:44.765 [pool-1-thread-1] DEBUG org.flywaydb.core.internal.sqlscript.DefaultSqlScriptExecutor -- Executing SQL: -- The relationship between library dependency sources under .metals/readonly/**
-- and worksheets they belong to. Required to know what classpath to use
-- for compiling dependency sources.
create table worksheet_dependency_source(
  text_document_uri varchar primary key,
  worksheet_uri varchar not null
)
15:32:44.766 [pool-1-thread-1] DEBUG org.flywaydb.core.internal.sqlscript.DefaultSqlScriptExecutor -- 0 rows affected
15:32:44.766 [pool-1-thread-1] DEBUG org.flywaydb.core.internal.sqlscript.DefaultSqlScriptExecutor -- Executing SQL: -- The relationship between what library dependency sources under .metals/readonly/**
-- map to which build targets.
create table sbt_digest(
  md5 varchar,
  status tinyint not null,
  when_recorded timestamp
)
15:32:44.767 [pool-1-thread-1] DEBUG org.flywaydb.core.internal.sqlscript.DefaultSqlScriptExecutor -- 0 rows affected
15:32:44.767 [pool-1-thread-1] DEBUG org.flywaydb.core.internal.sqlscript.DefaultSqlScriptExecutor -- Executing SQL: -- Which window/showMessage and window/showMessageRequest dialogues have been dismissed
-- by the user via "Don't show again" or closed by clicking on "x".
create table dismissed_notification(
  id int,
  when_dismissed timestamp,
  when_expires timestamp
)
15:32:44.767 [pool-1-thread-1] DEBUG org.flywaydb.core.internal.sqlscript.DefaultSqlScriptExecutor -- 0 rows affected
15:32:44.767 [pool-1-thread-1] DEBUG org.flywaydb.core.internal.sqlscript.DefaultSqlScriptExecutor -- Executing SQL: -- The choice of build tool when multiple build tool files are found in a workspace
create table chosen_build_tool(
  build_tool varchar primary key
)
15:32:44.768 [pool-1-thread-1] DEBUG org.flywaydb.core.internal.sqlscript.DefaultSqlScriptExecutor -- 0 rows affected
15:32:44.769 [pool-1-thread-1] DEBUG org.flywaydb.core.internal.command.DbMigrate -- Successfully completed migration of schema "PUBLIC" to version "1 - Create tables"
15:32:44.771 [pool-1-thread-1] DEBUG org.flywaydb.core.internal.schemahistory.JdbcTableSchemaHistory -- Schema History table "PUBLIC"."flyway_schema_history" successfully updated to reflect changes
15:32:44.776 [pool-1-thread-1] DEBUG org.flywaydb.core.internal.parser.Parser -- Parsing V2__Server_discovery.sql ...
15:32:44.786 [pool-1-thread-1] DEBUG org.flywaydb.core.internal.sqlscript.ParserSqlScript -- Found statement at line 4: -- For each unique combination of installed build servers we select one server.
-- The md5 checksum is computed from the names of the installed build servers, and
-- the selected server is the server which the user chose for this workspace.
create table chosen_build_server(
  md5 varchar primary key,
  selected_server varchar,
  when_recorded timestamp
)
15:32:44.786 [pool-1-thread-1] DEBUG org.flywaydb.core.internal.command.DbMigrate -- Starting migration of schema "PUBLIC" to version "2 - Server discovery" ...
15:32:44.788 [pool-1-thread-1] INFO org.flywaydb.core.internal.command.DbMigrate -- Migrating schema "PUBLIC" to version "2 - Server discovery"
15:32:44.788 [pool-1-thread-1] DEBUG org.flywaydb.core.internal.sqlscript.DefaultSqlScriptExecutor -- Executing SQL: -- For each unique combination of installed build servers we select one server.
-- The md5 checksum is computed from the names of the installed build servers, and
-- the selected server is the server which the user chose for this workspace.
create table chosen_build_server(
  md5 varchar primary key,
  selected_server varchar,
  when_recorded timestamp
)
15:32:44.789 [pool-1-thread-1] DEBUG org.flywaydb.core.internal.sqlscript.DefaultSqlScriptExecutor -- 0 rows affected
15:32:44.789 [pool-1-thread-1] DEBUG org.flywaydb.core.internal.command.DbMigrate -- Successfully completed migration of schema "PUBLIC" to version "2 - Server discovery"
15:32:44.791 [pool-1-thread-1] DEBUG org.flywaydb.core.internal.schemahistory.JdbcTableSchemaHistory -- Schema History table "PUBLIC"."flyway_schema_history" successfully updated to reflect changes
15:32:44.795 [pool-1-thread-1] DEBUG org.flywaydb.core.internal.parser.Parser -- Parsing V3__Jar_symbols.sql ...
15:32:44.798 [pool-1-thread-1] DEBUG org.flywaydb.core.internal.sqlscript.ParserSqlScript -- Found statement at line 2: -- Indexed jars, the MD5 digest of path, modified time and size as key
create table indexed_jar(
  id int auto_increment unique,
  md5 varchar primary key
)
15:32:44.799 [pool-1-thread-1] DEBUG org.flywaydb.core.internal.sqlscript.ParserSqlScript -- Found statement at line 7: -- Top Level Symbols per jar, allow for multiple jars with same symbols and paths
create table toplevel_symbol(
  symbol varchar not null,
  path varchar not null,
  jar int,
  foreign key (jar) references indexed_jar (id) on delete cascade,
  primary key (jar, path, symbol)
)
15:32:44.801 [pool-1-thread-1] DEBUG org.flywaydb.core.internal.sqlscript.ParserSqlScript -- Found statement at line 15: -- Create index to speedup lookup of jar symbols
create index toplevel_symbol_jar on toplevel_symbol(jar)
15:32:44.802 [pool-1-thread-1] DEBUG org.flywaydb.core.internal.command.DbMigrate -- Starting migration of schema "PUBLIC" to version "3 - Jar symbols" ...
15:32:44.802 [pool-1-thread-1] INFO org.flywaydb.core.internal.command.DbMigrate -- Migrating schema "PUBLIC" to version "3 - Jar symbols"
15:32:44.803 [pool-1-thread-1] DEBUG org.flywaydb.core.internal.sqlscript.DefaultSqlScriptExecutor -- Executing SQL: -- Indexed jars, the MD5 digest of path, modified time and size as key
create table indexed_jar(
  id int auto_increment unique,
  md5 varchar primary key
)
15:32:44.807 [pool-1-thread-1] DEBUG org.flywaydb.core.internal.sqlscript.DefaultSqlScriptExecutor -- 0 rows affected
15:32:44.807 [pool-1-thread-1] DEBUG org.flywaydb.core.internal.sqlscript.DefaultSqlScriptExecutor -- Executing SQL: -- Top Level Symbols per jar, allow for multiple jars with same symbols and paths
create table toplevel_symbol(
  symbol varchar not null,
  path varchar not null,
  jar int,
  foreign key (jar) references indexed_jar (id) on delete cascade,
  primary key (jar, path, symbol)
)
15:32:44.811 [pool-1-thread-1] DEBUG org.flywaydb.core.internal.sqlscript.DefaultSqlScriptExecutor -- 0 rows affected
15:32:44.811 [pool-1-thread-1] DEBUG org.flywaydb.core.internal.sqlscript.DefaultSqlScriptExecutor -- Executing SQL: -- Create index to speedup lookup of jar symbols
create index toplevel_symbol_jar on toplevel_symbol(jar)
15:32:44.812 [pool-1-thread-1] DEBUG org.flywaydb.core.internal.sqlscript.DefaultSqlScriptExecutor -- 0 rows affected
15:32:44.812 [pool-1-thread-1] DEBUG org.flywaydb.core.internal.command.DbMigrate -- Successfully completed migration of schema "PUBLIC" to version "3 - Jar symbols"
15:32:44.813 [pool-1-thread-1] DEBUG org.flywaydb.core.internal.schemahistory.JdbcTableSchemaHistory -- Schema History table "PUBLIC"."flyway_schema_history" successfully updated to reflect changes
15:32:44.816 [pool-1-thread-1] DEBUG org.flywaydb.core.internal.parser.Parser -- Parsing V4__Fingerprints.sql ...
15:32:44.819 [pool-1-thread-1] DEBUG org.flywaydb.core.internal.sqlscript.ParserSqlScript -- Found statement at line 2: -- Fingerprints saved between invocations
create table fingerprints(
  path varchar not null,
  text varchar not null,
  md5 varchar not null,
  id int auto_increment unique
)
15:32:44.819 [pool-1-thread-1] DEBUG org.flywaydb.core.internal.command.DbMigrate -- Starting migration of schema "PUBLIC" to version "4 - Fingerprints" ...
15:32:44.820 [pool-1-thread-1] INFO org.flywaydb.core.internal.command.DbMigrate -- Migrating schema "PUBLIC" to version "4 - Fingerprints"
15:32:44.820 [pool-1-thread-1] DEBUG org.flywaydb.core.internal.sqlscript.DefaultSqlScriptExecutor -- Executing SQL: -- Fingerprints saved between invocations
create table fingerprints(
  path varchar not null,
  text varchar not null,
  md5 varchar not null,
  id int auto_increment unique
)
15:32:44.823 [pool-1-thread-1] DEBUG org.flywaydb.core.internal.sqlscript.DefaultSqlScriptExecutor -- 0 rows affected
15:32:44.823 [pool-1-thread-1] DEBUG org.flywaydb.core.internal.command.DbMigrate -- Successfully completed migration of schema "PUBLIC" to version "4 - Fingerprints"
15:32:44.827 [pool-1-thread-1] DEBUG org.flywaydb.core.internal.schemahistory.JdbcTableSchemaHistory -- Schema History table "PUBLIC"."flyway_schema_history" successfully updated to reflect changes
15:32:44.838 [pool-1-thread-1] INFO org.flywaydb.core.internal.command.DbMigrate -- Successfully applied 4 migrations to schema "PUBLIC", now at version v4 (execution time 00:00.022s)
15:32:44.851 [pool-1-thread-1] DEBUG org.flywaydb.core.FlywayExecutor -- Memory usage: 35 of 100M
2024.04.10 15:32:45 WARN  Build server is not auto-connectable.
2024.04.10 15:32:53 INFO  no build target found for /Users/szymon/Documents/Studia-UWr/Scala/lista5/pluginstraits/src/main/scala/app/actions/Actions.scala. Using presentation compiler with project's scala-library version: 3.3.1
2024.04.10 15:32:55 INFO  time: code lens generation in 9.92s
2024.04.10 16:54:59 INFO  Shutting down server
2024.04.10 16:54:59 INFO  shutting down Metals
2024.04.10 16:54:59 INFO  Exiting server
2024.06.05 17:17:09 INFO  Started: Metals version 1.3.1 in folders '/Users/szymon/Documents/Studia-UWr/Scala/lista5' for client Visual Studio Code 1.89.0.
SLF4J(W): Class path contains multiple SLF4J providers.
SLF4J(W): Found provider [scribe.slf4j.ScribeServiceProvider@226c94ab]
SLF4J(W): Found provider [ch.qos.logback.classic.spi.LogbackServiceProvider@320f8c45]
SLF4J(W): See https://www.slf4j.org/codes.html#multiple_bindings for an explanation.
SLF4J(I): Actual provider is of type [scribe.slf4j.ScribeServiceProvider@226c94ab]
2024.06.05 17:17:09 WARN  Flyway upgrade recommended: H2 2.2.224 is newer than this version of Flyway and support has not been tested. The latest supported version of H2 is 2.2.220.
2024.06.05 17:17:11 INFO  no build target found for /Users/szymon/Documents/Studia-UWr/Scala/lista5/pluginstraits/src/main/scala/app/actions/Actions.scala. Using presentation compiler with project's scala-library version: 3.3.3
Jun 05, 2024 5:17:11 PM org.eclipse.lsp4j.jsonrpc.RemoteEndpoint handleCancellation
WARNING: Unmatched cancel notification for request id 3
2024.06.05 17:17:12 INFO  Running List(/Users/szymon/Library/Application Support/Coursier/bin/scala-cli, setup-ide, /Users/szymon/Documents/Studia-UWr/Scala/lista5)
2024.06.05 17:17:12 INFO  Attempting to connect to the build server...
2024.06.05 17:17:12 INFO  Running BSP server List(/Users/szymon/Library/Application Support/Coursier/bin/.scala-cli.aux, bsp, --json-options, /Users/szymon/Documents/Studia-UWr/Scala/lista5/.scala-build/ide-options-v2.json, /Users/szymon/Documents/Studia-UWr/Scala/lista5)
2024.06.05 17:17:12 INFO  tracing is disabled for protocol BSP, to enable tracing of incoming and outgoing JSON messages create an empty file at /Users/szymon/Documents/Studia-UWr/Scala/lista5/.metals/bsp.trace.json or /Users/szymon/Library/Caches/org.scalameta.metals/bsp.trace.json
2024.06.05 17:17:14 INFO  time: Connected to build server in 2.03s
2024.06.05 17:17:14 INFO  Connected to Build server: scala-cli v1.1.3
2024.06.05 17:17:15 INFO  compiling lista5_f4dd477a3a (3 scala sources)
2024.06.05 17:17:16 INFO  no build target found for /Users/szymon/Documents/Studia-UWr/Scala/lista5/pluginstraits/src/main/scala/app/actions/Actions.scala. Using presentation compiler with project's scala-library version: 3.3.3
2024.06.05 17:17:19 WARN  there was 1 deprecation warning; re-run with -deprecation for details
2024.06.05 17:17:20 INFO  time: Imported build in 5.32s
2024.06.05 17:17:19 INFO  time: compiled lista5_f4dd477a3a in 33ms
2024.06.05 17:17:19 INFO  compiling lista5_f4dd477a3a-test (1 scala source)
2024.06.05 17:17:19 INFO  time: compiled lista5_f4dd477a3a-test in 0.48s
2024.06.05 17:17:26 INFO  time: indexed workspace in 6.54s
2024.06.05 17:17:27 INFO  time: compiled lista5_f4dd477a3a in 68ms
2024.06.05 17:17:27 INFO  compiling lista5_f4dd477a3a-test (1 scala source)
2024.06.05 17:17:27 INFO  time: compiled lista5_f4dd477a3a-test in 0.57s
2024.06.05 17:17:27 INFO  time: compiled lista5_f4dd477a3a in 31ms
2024.06.05 17:20:30 INFO  compiling lista5_f4dd477a3a (1 scala source)
2024.06.05 17:20:34 INFO  time: compiled lista5_f4dd477a3a in 3.74s
Jun 05, 2024 5:28:20 PM org.eclipse.lsp4j.jsonrpc.RemoteEndpoint handleCancellation
WARNING: Unmatched cancel notification for request id 214
Jun 05, 2024 5:28:27 PM org.eclipse.lsp4j.jsonrpc.RemoteEndpoint handleCancellation
WARNING: Unmatched cancel notification for request id 263
2024.06.05 17:46:13 INFO  compiling lista5_f4dd477a3a (1 scala source)
2024.06.05 17:46:14 INFO  time: compiled lista5_f4dd477a3a in 1.2s
2024.06.05 17:46:31 INFO  compiling lista5_f4dd477a3a (1 scala source)
2024.06.05 17:46:32 INFO  time: compiled lista5_f4dd477a3a in 1.63s
2024.06.05 17:46:42 INFO  Shutting down server
2024.06.05 17:46:42 INFO  shutting down Metals
2024.06.05 17:46:42 INFO  Shut down connection with build server.
2024.06.05 17:46:42 INFO  Exiting server
