2024.06.05 17:06:34 INFO  Started: Metals version 1.3.1 in folders '/Users/szymon/Documents/Studia-UWr/Scala/lista6' for client Visual Studio Code 1.89.0.
SLF4J(W): Class path contains multiple SLF4J providers.
SLF4J(W): Found provider [scribe.slf4j.ScribeServiceProvider@16b54081]
SLF4J(W): Found provider [ch.qos.logback.classic.spi.LogbackServiceProvider@7d51c4ed]
SLF4J(W): See https://www.slf4j.org/codes.html#multiple_bindings for an explanation.
SLF4J(I): Actual provider is of type [scribe.slf4j.ScribeServiceProvider@16b54081]
2024.06.05 17:06:34 WARN  Flyway upgrade recommended: H2 2.2.224 is newer than this version of Flyway and support has not been tested. The latest supported version of H2 is 2.2.220.
2024.06.05 17:06:35 INFO  no build target found for /Users/szymon/Documents/Studia-UWr/Scala/lista6/pizza-place/src/main/app/Main.scala. Using presentation compiler with project's scala-library version: 3.3.3
2024.06.05 17:08:50 INFO  no build target found for /Users/szymon/Documents/Studia-UWr/Scala/lista6/pizza-place/src/main/app/Main.scala. Using presentation compiler with project's scala-library version: 3.3.3
2024.06.05 17:10:40 INFO  no build target found for /Users/szymon/Documents/Studia-UWr/Scala/lista6/pizza-place/src/main/app/Main.scala. Using presentation compiler with project's scala-library version: 3.3.3
2024.06.05 17:10:41 INFO  no build target found for /Users/szymon/Documents/Studia-UWr/Scala/lista6/pizza-place/src/main/app/discounts/Discounts.scala. Using presentation compiler with project's scala-library version: 3.3.3
2024.06.05 17:10:43 INFO  no build target found for /Users/szymon/Documents/Studia-UWr/Scala/lista6/pizza-place/src/main/app/discounts/Discounts.scala. Using presentation compiler with project's scala-library version: 3.3.3
2024.06.05 17:10:44 INFO  no build target found for /Users/szymon/Documents/Studia-UWr/Scala/lista6/pizza-place/src/main/app/pizzeria/Pizzeria.scala. Using presentation compiler with project's scala-library version: 3.3.3
2024.06.05 17:10:44 INFO  no build target found for /Users/szymon/Documents/Studia-UWr/Scala/lista6/pizza-place/src/main/app/pizzeria/Pizzeria.scala. Using presentation compiler with project's scala-library version: 3.3.3
2024.06.05 17:11:37 INFO  no build target found for /Users/szymon/Documents/Studia-UWr/Scala/lista6/pizza-place/src/main/app/pizzeria/Pizzeria.scala. Using presentation compiler with project's scala-library version: 3.3.3
2024.06.05 17:11:42 INFO  no build target found for /Users/szymon/Documents/Studia-UWr/Scala/lista6/pizza-place/src/main/app/pizzeria/Pizzeria.scala. Using presentation compiler with project's scala-library version: 3.3.3
2024.06.05 17:14:07 INFO  no build target found for /Users/szymon/Documents/Studia-UWr/Scala/lista6/pizza-place/src/main/app/pizzeria/Pizzeria.scala. Using presentation compiler with project's scala-library version: 3.3.3
2024.06.05 17:16:42 INFO  no build target found for /Users/szymon/Documents/Studia-UWr/Scala/lista6/pizza-place/src/main/app/pizzeria/Pizzeria.scala. Using presentation compiler with project's scala-library version: 3.3.3
2024.06.05 17:16:48 INFO  Shutting down server
2024.06.05 17:16:48 INFO  shutting down Metals
2024.06.05 17:16:48 INFO  Exiting server
2024.06.05 17:32:13 INFO  Started: Metals version 1.3.1 in folders '/Users/szymon/Documents/Studia-UWr/Scala/lista6' for client Visual Studio Code 1.89.0.
SLF4J(W): Class path contains multiple SLF4J providers.
SLF4J(W): Found provider [scribe.slf4j.ScribeServiceProvider@19440ea9]
SLF4J(W): Found provider [ch.qos.logback.classic.spi.LogbackServiceProvider@eb346b6]
SLF4J(W): See https://www.slf4j.org/codes.html#multiple_bindings for an explanation.
SLF4J(I): Actual provider is of type [scribe.slf4j.ScribeServiceProvider@19440ea9]
2024.06.05 17:32:13 WARN  Flyway upgrade recommended: H2 2.2.224 is newer than this version of Flyway and support has not been tested. The latest supported version of H2 is 2.2.220.
2024.06.05 17:32:16 INFO  no build target found for /Users/szymon/Documents/Studia-UWr/Scala/lista6/pizza-place/src/main/app/pizzeria/Pizzeria.scala. Using presentation compiler with project's scala-library version: 3.3.3
2024.06.05 17:32:16 INFO  no build target found for /Users/szymon/Documents/Studia-UWr/Scala/lista6/pizza-place/src/main/app/pizzeria/Pizzeria.scala. Using presentation compiler with project's scala-library version: 3.3.3
2024.06.05 17:32:19 INFO  no build target found for /Users/szymon/Documents/Studia-UWr/Scala/lista6/pizza-place/src/main/app/pizzeria/Pizzeria.scala. Using presentation compiler with project's scala-library version: 3.3.3
2024.06.05 17:32:19 INFO  no build target found for /Users/szymon/Documents/Studia-UWr/Scala/lista6/pizza-place/src/main/app/crust/Crust.scala. Using presentation compiler with project's scala-library version: 3.3.3
2024.06.05 17:32:22 INFO  no build target found for /Users/szymon/Documents/Studia-UWr/Scala/lista6/pizza-place/src/main/app/crust/Crust.scala. Using presentation compiler with project's scala-library version: 3.3.3
2024.06.05 17:32:22 INFO  no build target found for /Users/szymon/Documents/Studia-UWr/Scala/lista6/pizza-place/src/main/app/discounts/Discounts.scala. Using presentation compiler with project's scala-library version: 3.3.3
2024.06.05 17:32:24 INFO  no build target found for /Users/szymon/Documents/Studia-UWr/Scala/lista6/pizza-place/src/main/app/discounts/Discounts.scala. Using presentation compiler with project's scala-library version: 3.3.3
2024.06.05 17:32:24 INFO  no build target found for /Users/szymon/Documents/Studia-UWr/Scala/lista6/pizza-place/src/main/app/drinks/Drink.scala. Using presentation compiler with project's scala-library version: 3.3.3
2024.06.05 17:32:26 INFO  no build target found for /Users/szymon/Documents/Studia-UWr/Scala/lista6/pizza-place/src/main/app/drinks/Drink.scala. Using presentation compiler with project's scala-library version: 3.3.3
2024.06.05 17:32:26 INFO  no build target found for /Users/szymon/Documents/Studia-UWr/Scala/lista6/pizza-place/src/main/app/meat/Meat.scala. Using presentation compiler with project's scala-library version: 3.3.3
2024.06.05 17:32:29 INFO  no build target found for /Users/szymon/Documents/Studia-UWr/Scala/lista6/pizza-place/src/main/app/meat/Meat.scala. Using presentation compiler with project's scala-library version: 3.3.3
2024.06.05 17:32:29 INFO  no build target found for /Users/szymon/Documents/Studia-UWr/Scala/lista6/pizza-place/src/main/app/orders/Order.scala. Using presentation compiler with project's scala-library version: 3.3.3
2024.06.05 17:32:29 INFO  no build target found for /Users/szymon/Documents/Studia-UWr/Scala/lista6/pizza-place/src/main/app/orders/Order.scala. Using presentation compiler with project's scala-library version: 3.3.3
2024.06.05 17:32:33 INFO  no build target found for /Users/szymon/Documents/Studia-UWr/Scala/lista6/pizza-place/src/main/app/orders/Order.scala. Using presentation compiler with project's scala-library version: 3.3.3
2024.06.05 17:32:34 INFO  no build target found for /Users/szymon/Documents/Studia-UWr/Scala/lista6/pizza-place/src/main/app/orders/Order.scala. Using presentation compiler with project's scala-library version: 3.3.3
2024.06.05 17:32:34 INFO  no build target found for /Users/szymon/Documents/Studia-UWr/Scala/lista6/pizza-place/src/main/app/orders/Order.scala. Using presentation compiler with project's scala-library version: 3.3.3
2024.06.05 17:32:34 INFO  no build target found for /Users/szymon/Documents/Studia-UWr/Scala/lista6/pizza-place/src/main/app/orders/Order.scala. Using presentation compiler with project's scala-library version: 3.3.3
2024.06.05 17:32:34 INFO  no build target found for /Users/szymon/Documents/Studia-UWr/Scala/lista6/pizza-place/src/main/app/orders/Order.scala. Using presentation compiler with project's scala-library version: 3.3.3
Jun 05, 2024 5:32:35 PM org.eclipse.lsp4j.jsonrpc.RemoteEndpoint handleCancellation
WARNING: Unmatched cancel notification for request id 59
2024.06.05 17:32:36 INFO  no build target found for /Users/szymon/Documents/Studia-UWr/Scala/lista6/pizza-place/src/main/app/orders/Order.scala. Using presentation compiler with project's scala-library version: 3.3.3
2024.06.05 17:32:36 INFO  no build target found for /Users/szymon/Documents/Studia-UWr/Scala/lista6/pizza-place/src/main/app/orders/Order.scala. Using presentation compiler with project's scala-library version: 3.3.3
2024.06.05 17:32:43 INFO  no build target found for /Users/szymon/Documents/Studia-UWr/Scala/lista6/pizza-place/src/main/app/orders/Order.scala. Using presentation compiler with project's scala-library version: 3.3.3
2024.06.05 17:32:43 INFO  no build target found for /Users/szymon/Documents/Studia-UWr/Scala/lista6/pizza-place/src/main/app/orders/Order.scala. Using presentation compiler with project's scala-library version: 3.3.3
2024.06.05 17:32:43 INFO  no build target found for /Users/szymon/Documents/Studia-UWr/Scala/lista6/pizza-place/src/main/app/orders/Order.scala. Using presentation compiler with project's scala-library version: 3.3.3
2024.06.05 17:32:45 INFO  no build target found for /Users/szymon/Documents/Studia-UWr/Scala/lista6/pizza-place/src/main/app/orders/Order.scala. Using presentation compiler with project's scala-library version: 3.3.3
2024.06.05 17:33:01 INFO  no build target found for /Users/szymon/Documents/Studia-UWr/Scala/lista6/pizza-place/src/main/app/orders/Order.scala. Using presentation compiler with project's scala-library version: 3.3.3
2024.06.05 17:33:01 INFO  no build target found for /Users/szymon/Documents/Studia-UWr/Scala/lista6/pizza-place/src/main/app/orders/Order.scala. Using presentation compiler with project's scala-library version: 3.3.3
2024.06.05 17:33:02 INFO  no build target found for /Users/szymon/Documents/Studia-UWr/Scala/lista6/pizza-place/src/main/app/orders/Order.scala. Using presentation compiler with project's scala-library version: 3.3.3
2024.06.05 17:33:06 INFO  no build target found for /Users/szymon/Documents/Studia-UWr/Scala/lista6/pizza-place/src/main/app/orders/Order.scala. Using presentation compiler with project's scala-library version: 3.3.3
2024.06.05 17:33:06 INFO  no build target found for /Users/szymon/Documents/Studia-UWr/Scala/lista6/pizza-place/src/main/app/orders/Order.scala. Using presentation compiler with project's scala-library version: 3.3.3
2024.06.05 17:33:07 INFO  no build target found for /Users/szymon/Documents/Studia-UWr/Scala/lista6/pizza-place/src/main/app/orders/Order.scala. Using presentation compiler with project's scala-library version: 3.3.3
2024.06.05 17:33:07 INFO  no build target found for /Users/szymon/Documents/Studia-UWr/Scala/lista6/pizza-place/src/main/app/orders/Order.scala. Using presentation compiler with project's scala-library version: 3.3.3
2024.06.05 17:33:09 INFO  no build target found for /Users/szymon/Documents/Studia-UWr/Scala/lista6/pizza-place/src/main/app/orders/Order.scala. Using presentation compiler with project's scala-library version: 3.3.3
2024.06.05 17:33:11 INFO  no build target found for /Users/szymon/Documents/Studia-UWr/Scala/lista6/pizza-place/src/main/app/orders/Order.scala. Using presentation compiler with project's scala-library version: 3.3.3
2024.06.05 17:33:11 INFO  no build target found for /Users/szymon/Documents/Studia-UWr/Scala/lista6/pizza-place/src/main/app/orders/Order.scala. Using presentation compiler with project's scala-library version: 3.3.3
2024.06.05 17:33:11 INFO  no build target found for /Users/szymon/Documents/Studia-UWr/Scala/lista6/pizza-place/src/main/app/orders/Order.scala. Using presentation compiler with project's scala-library version: 3.3.3
2024.06.05 17:33:12 INFO  no build target found for /Users/szymon/Documents/Studia-UWr/Scala/lista6/pizza-place/src/main/app/orders/Order.scala. Using presentation compiler with project's scala-library version: 3.3.3
2024.06.05 17:33:13 INFO  no build target found for /Users/szymon/Documents/Studia-UWr/Scala/lista6/pizza-place/src/main/app/orders/Order.scala. Using presentation compiler with project's scala-library version: 3.3.3
2024.06.05 17:33:13 INFO  no build target found for /Users/szymon/Documents/Studia-UWr/Scala/lista6/pizza-place/src/main/app/orders/Order.scala. Using presentation compiler with project's scala-library version: 3.3.3
2024.06.05 17:33:14 INFO  no build target found for /Users/szymon/Documents/Studia-UWr/Scala/lista6/pizza-place/src/main/app/orders/Order.scala. Using presentation compiler with project's scala-library version: 3.3.3
2024.06.05 17:33:14 INFO  no build target found for /Users/szymon/Documents/Studia-UWr/Scala/lista6/pizza-place/src/main/app/orders/Order.scala. Using presentation compiler with project's scala-library version: 3.3.3
2024.06.05 17:33:15 INFO  no build target found for /Users/szymon/Documents/Studia-UWr/Scala/lista6/pizza-place/src/main/app/orders/Order.scala. Using presentation compiler with project's scala-library version: 3.3.3
2024.06.05 17:33:15 INFO  no build target found for /Users/szymon/Documents/Studia-UWr/Scala/lista6/pizza-place/src/main/app/orders/Order.scala. Using presentation compiler with project's scala-library version: 3.3.3
2024.06.05 17:33:15 INFO  no build target found for /Users/szymon/Documents/Studia-UWr/Scala/lista6/pizza-place/src/main/app/orders/Order.scala. Using presentation compiler with project's scala-library version: 3.3.3
2024.06.05 17:33:15 INFO  no build target found for /Users/szymon/Documents/Studia-UWr/Scala/lista6/pizza-place/src/main/app/orders/Order.scala. Using presentation compiler with project's scala-library version: 3.3.3
2024.06.05 17:33:16 INFO  no build target found for /Users/szymon/Documents/Studia-UWr/Scala/lista6/pizza-place/src/main/app/orders/Order.scala. Using presentation compiler with project's scala-library version: 3.3.3
2024.06.05 17:33:16 INFO  no build target found for /Users/szymon/Documents/Studia-UWr/Scala/lista6/pizza-place/src/main/app/orders/Order.scala. Using presentation compiler with project's scala-library version: 3.3.3
2024.06.05 17:33:17 INFO  no build target found for /Users/szymon/Documents/Studia-UWr/Scala/lista6/pizza-place/src/main/app/orders/Order.scala. Using presentation compiler with project's scala-library version: 3.3.3
2024.06.05 17:33:19 INFO  no build target found for /Users/szymon/Documents/Studia-UWr/Scala/lista6/pizza-place/src/main/app/orders/Order.scala. Using presentation compiler with project's scala-library version: 3.3.3
2024.06.05 17:33:19 INFO  no build target found for /Users/szymon/Documents/Studia-UWr/Scala/lista6/pizza-place/src/main/app/orders/Order.scala. Using presentation compiler with project's scala-library version: 3.3.3
2024.06.05 17:33:19 INFO  no build target found for /Users/szymon/Documents/Studia-UWr/Scala/lista6/pizza-place/src/main/app/orders/Order.scala. Using presentation compiler with project's scala-library version: 3.3.3
2024.06.05 17:33:21 INFO  no build target found for /Users/szymon/Documents/Studia-UWr/Scala/lista6/pizza-place/src/main/app/orders/Order.scala. Using presentation compiler with project's scala-library version: 3.3.3
2024.06.05 17:33:21 INFO  no build target found for /Users/szymon/Documents/Studia-UWr/Scala/lista6/pizza-place/src/main/app/orders/Order.scala. Using presentation compiler with project's scala-library version: 3.3.3
2024.06.05 17:33:22 INFO  no build target found for /Users/szymon/Documents/Studia-UWr/Scala/lista6/pizza-place/src/main/app/orders/Order.scala. Using presentation compiler with project's scala-library version: 3.3.3
2024.06.05 17:33:23 INFO  no build target found for /Users/szymon/Documents/Studia-UWr/Scala/lista6/pizza-place/src/main/app/orders/Order.scala. Using presentation compiler with project's scala-library version: 3.3.3
2024.06.05 17:33:23 INFO  no build target found for /Users/szymon/Documents/Studia-UWr/Scala/lista6/pizza-place/src/main/app/orders/Order.scala. Using presentation compiler with project's scala-library version: 3.3.3
2024.06.05 17:33:24 INFO  no build target found for /Users/szymon/Documents/Studia-UWr/Scala/lista6/pizza-place/src/main/app/orders/Order.scala. Using presentation compiler with project's scala-library version: 3.3.3
2024.06.05 17:33:25 INFO  no build target found for /Users/szymon/Documents/Studia-UWr/Scala/lista6/pizza-place/src/main/app/orders/Order.scala. Using presentation compiler with project's scala-library version: 3.3.3
2024.06.05 17:33:25 INFO  no build target found for /Users/szymon/Documents/Studia-UWr/Scala/lista6/pizza-place/src/main/app/orders/Order.scala. Using presentation compiler with project's scala-library version: 3.3.3
2024.06.05 17:33:27 INFO  no build target found for /Users/szymon/Documents/Studia-UWr/Scala/lista6/pizza-place/src/main/app/orders/Order.scala. Using presentation compiler with project's scala-library version: 3.3.3
2024.06.05 17:33:28 INFO  no build target found for /Users/szymon/Documents/Studia-UWr/Scala/lista6/pizza-place/src/main/app/orders/Order.scala. Using presentation compiler with project's scala-library version: 3.3.3
2024.06.05 17:33:28 INFO  no build target found for /Users/szymon/Documents/Studia-UWr/Scala/lista6/pizza-place/src/main/app/orders/Order.scala. Using presentation compiler with project's scala-library version: 3.3.3
2024.06.05 17:33:29 INFO  no build target found for /Users/szymon/Documents/Studia-UWr/Scala/lista6/pizza-place/src/main/app/orders/Order.scala. Using presentation compiler with project's scala-library version: 3.3.3
2024.06.05 17:33:33 INFO  no build target found for /Users/szymon/Documents/Studia-UWr/Scala/lista6/pizza-place/src/main/app/orders/Order.scala. Using presentation compiler with project's scala-library version: 3.3.3
2024.06.05 17:33:34 INFO  no build target found for /Users/szymon/Documents/Studia-UWr/Scala/lista6/pizza-place/src/main/app/orders/Order.scala. Using presentation compiler with project's scala-library version: 3.3.3
2024.06.05 17:33:34 INFO  no build target found for /Users/szymon/Documents/Studia-UWr/Scala/lista6/pizza-place/src/main/app/orders/Order.scala. Using presentation compiler with project's scala-library version: 3.3.3
2024.06.05 17:33:34 INFO  no build target found for /Users/szymon/Documents/Studia-UWr/Scala/lista6/pizza-place/src/main/app/orders/Order.scala. Using presentation compiler with project's scala-library version: 3.3.3
2024.06.05 17:33:46 INFO  no build target found for /Users/szymon/Documents/Studia-UWr/Scala/lista6/pizza-place/src/main/app/orders/Order.scala. Using presentation compiler with project's scala-library version: 3.3.3
2024.06.05 17:33:47 INFO  no build target found for /Users/szymon/Documents/Studia-UWr/Scala/lista6/pizza-place/src/main/app/orders/Order.scala. Using presentation compiler with project's scala-library version: 3.3.3
2024.06.05 17:33:51 INFO  no build target found for /Users/szymon/Documents/Studia-UWr/Scala/lista6/pizza-place/src/main/app/orders/Order.scala. Using presentation compiler with project's scala-library version: 3.3.3
2024.06.05 17:33:51 INFO  no build target found for /Users/szymon/Documents/Studia-UWr/Scala/lista6/pizza-place/src/main/app/orders/Order.scala. Using presentation compiler with project's scala-library version: 3.3.3
2024.06.05 17:33:51 INFO  no build target found for /Users/szymon/Documents/Studia-UWr/Scala/lista6/pizza-place/src/main/app/orders/Order.scala. Using presentation compiler with project's scala-library version: 3.3.3
2024.06.05 17:33:55 INFO  no build target found for /Users/szymon/Documents/Studia-UWr/Scala/lista6/pizza-place/src/main/app/orders/Order.scala. Using presentation compiler with project's scala-library version: 3.3.3
Jun 05, 2024 5:33:55 PM org.eclipse.lsp4j.jsonrpc.RemoteEndpoint handleCancellation
WARNING: Unmatched cancel notification for request id 295
2024.06.05 17:33:56 INFO  no build target found for /Users/szymon/Documents/Studia-UWr/Scala/lista6/pizza-place/src/main/app/orders/Order.scala. Using presentation compiler with project's scala-library version: 3.3.3
2024.06.05 17:33:56 INFO  no build target found for /Users/szymon/Documents/Studia-UWr/Scala/lista6/pizza-place/src/main/app/orders/Order.scala. Using presentation compiler with project's scala-library version: 3.3.3
2024.06.05 17:33:58 INFO  no build target found for /Users/szymon/Documents/Studia-UWr/Scala/lista6/pizza-place/src/main/app/orders/Order.scala. Using presentation compiler with project's scala-library version: 3.3.3
2024.06.05 17:33:59 INFO  no build target found for /Users/szymon/Documents/Studia-UWr/Scala/lista6/pizza-place/src/main/app/orders/Order.scala. Using presentation compiler with project's scala-library version: 3.3.3
2024.06.05 17:34:01 INFO  no build target found for /Users/szymon/Documents/Studia-UWr/Scala/lista6/pizza-place/src/main/app/orders/Order.scala. Using presentation compiler with project's scala-library version: 3.3.3
2024.06.05 17:34:05 INFO  no build target found for /Users/szymon/Documents/Studia-UWr/Scala/lista6/pizza-place/src/main/app/orders/Order.scala. Using presentation compiler with project's scala-library version: 3.3.3
2024.06.05 17:34:05 INFO  no build target found for /Users/szymon/Documents/Studia-UWr/Scala/lista6/pizza-place/src/main/app/orders/Order.scala. Using presentation compiler with project's scala-library version: 3.3.3
2024.06.05 17:34:08 INFO  no build target found for /Users/szymon/Documents/Studia-UWr/Scala/lista6/pizza-place/src/main/app/orders/Order.scala. Using presentation compiler with project's scala-library version: 3.3.3
2024.06.05 17:34:09 INFO  no build target found for /Users/szymon/Documents/Studia-UWr/Scala/lista6/pizza-place/src/main/app/orders/Order.scala. Using presentation compiler with project's scala-library version: 3.3.3
2024.06.05 17:34:10 INFO  no build target found for /Users/szymon/Documents/Studia-UWr/Scala/lista6/pizza-place/src/main/app/orders/Order.scala. Using presentation compiler with project's scala-library version: 3.3.3
2024.06.05 17:34:10 INFO  no build target found for /Users/szymon/Documents/Studia-UWr/Scala/lista6/pizza-place/src/main/app/orders/Order.scala. Using presentation compiler with project's scala-library version: 3.3.3
2024.06.05 17:34:13 INFO  no build target found for /Users/szymon/Documents/Studia-UWr/Scala/lista6/pizza-place/src/main/app/orders/Order.scala. Using presentation compiler with project's scala-library version: 3.3.3
2024.06.05 17:34:14 INFO  no build target found for /Users/szymon/Documents/Studia-UWr/Scala/lista6/pizza-place/src/main/app/orders/Order.scala. Using presentation compiler with project's scala-library version: 3.3.3
2024.06.05 17:34:18 INFO  no build target found for /Users/szymon/Documents/Studia-UWr/Scala/lista6/pizza-place/src/main/app/orders/Order.scala. Using presentation compiler with project's scala-library version: 3.3.3
2024.06.05 17:34:18 INFO  no build target found for /Users/szymon/Documents/Studia-UWr/Scala/lista6/pizza-place/src/main/app/orders/Order.scala. Using presentation compiler with project's scala-library version: 3.3.3
2024.06.05 17:34:18 INFO  no build target found for /Users/szymon/Documents/Studia-UWr/Scala/lista6/pizza-place/src/main/app/orders/Order.scala. Using presentation compiler with project's scala-library version: 3.3.3
2024.06.05 17:34:18 INFO  no build target found for /Users/szymon/Documents/Studia-UWr/Scala/lista6/pizza-place/src/main/app/orders/Order.scala. Using presentation compiler with project's scala-library version: 3.3.3
2024.06.05 17:34:19 INFO  no build target found for /Users/szymon/Documents/Studia-UWr/Scala/lista6/pizza-place/src/main/app/orders/Order.scala. Using presentation compiler with project's scala-library version: 3.3.3
2024.06.05 17:34:21 INFO  no build target found for /Users/szymon/Documents/Studia-UWr/Scala/lista6/pizza-place/src/main/app/orders/Order.scala. Using presentation compiler with project's scala-library version: 3.3.3
2024.06.05 17:34:21 INFO  no build target found for /Users/szymon/Documents/Studia-UWr/Scala/lista6/pizza-place/src/main/app/orders/Order.scala. Using presentation compiler with project's scala-library version: 3.3.3
2024.06.05 17:34:22 INFO  no build target found for /Users/szymon/Documents/Studia-UWr/Scala/lista6/pizza-place/src/main/app/orders/Order.scala. Using presentation compiler with project's scala-library version: 3.3.3
2024.06.05 17:34:22 INFO  no build target found for /Users/szymon/Documents/Studia-UWr/Scala/lista6/pizza-place/src/main/app/orders/Order.scala. Using presentation compiler with project's scala-library version: 3.3.3
2024.06.05 17:34:23 INFO  no build target found for /Users/szymon/Documents/Studia-UWr/Scala/lista6/pizza-place/src/main/app/orders/Order.scala. Using presentation compiler with project's scala-library version: 3.3.3
2024.06.05 17:34:23 INFO  no build target found for /Users/szymon/Documents/Studia-UWr/Scala/lista6/pizza-place/src/main/app/orders/Order.scala. Using presentation compiler with project's scala-library version: 3.3.3
2024.06.05 17:34:23 INFO  no build target found for /Users/szymon/Documents/Studia-UWr/Scala/lista6/pizza-place/src/main/app/orders/Order.scala. Using presentation compiler with project's scala-library version: 3.3.3
2024.06.05 17:34:23 INFO  no build target found for /Users/szymon/Documents/Studia-UWr/Scala/lista6/pizza-place/src/main/app/orders/Order.scala. Using presentation compiler with project's scala-library version: 3.3.3
2024.06.05 17:34:24 INFO  no build target found for /Users/szymon/Documents/Studia-UWr/Scala/lista6/pizza-place/src/main/app/orders/Order.scala. Using presentation compiler with project's scala-library version: 3.3.3
2024.06.05 17:34:24 INFO  no build target found for /Users/szymon/Documents/Studia-UWr/Scala/lista6/pizza-place/src/main/app/orders/Order.scala. Using presentation compiler with project's scala-library version: 3.3.3
2024.06.05 17:34:25 INFO  no build target found for /Users/szymon/Documents/Studia-UWr/Scala/lista6/pizza-place/src/main/app/orders/Order.scala. Using presentation compiler with project's scala-library version: 3.3.3
2024.06.05 17:34:24 INFO  no build target found for /Users/szymon/Documents/Studia-UWr/Scala/lista6/pizza-place/src/main/app/orders/Order.scala. Using presentation compiler with project's scala-library version: 3.3.3
2024.06.05 17:34:28 INFO  no build target found for /Users/szymon/Documents/Studia-UWr/Scala/lista6/pizza-place/src/main/app/orders/Order.scala. Using presentation compiler with project's scala-library version: 3.3.3
2024.06.05 17:34:29 INFO  no build target found for /Users/szymon/Documents/Studia-UWr/Scala/lista6/pizza-place/src/main/app/orders/Order.scala. Using presentation compiler with project's scala-library version: 3.3.3
2024.06.05 17:34:29 INFO  no build target found for /Users/szymon/Documents/Studia-UWr/Scala/lista6/pizza-place/src/main/app/orders/Order.scala. Using presentation compiler with project's scala-library version: 3.3.3
2024.06.05 17:34:30 INFO  no build target found for /Users/szymon/Documents/Studia-UWr/Scala/lista6/pizza-place/src/main/app/orders/Order.scala. Using presentation compiler with project's scala-library version: 3.3.3
2024.06.05 17:34:31 INFO  no build target found for /Users/szymon/Documents/Studia-UWr/Scala/lista6/pizza-place/src/main/app/orders/Order.scala. Using presentation compiler with project's scala-library version: 3.3.3
2024.06.05 17:34:31 WARN  no build target for: /Users/szymon/Documents/Studia-UWr/Scala/lista6/pizza-place/src/main/app/orders/Order.scala
2024.06.05 17:34:31 INFO  no build target found for /Users/szymon/Documents/Studia-UWr/Scala/lista6/pizza-place/src/main/app/orders/Order.scala. Using presentation compiler with project's scala-library version: 3.3.3
2024.06.05 17:34:33 INFO  no build target found for /Users/szymon/Documents/Studia-UWr/Scala/lista6/pizza-place/src/main/app/orders/Order.scala. Using presentation compiler with project's scala-library version: 3.3.3
2024.06.05 17:34:33 INFO  no build target found for /Users/szymon/Documents/Studia-UWr/Scala/lista6/pizza-place/src/main/app/orders/Order.scala. Using presentation compiler with project's scala-library version: 3.3.3
2024.06.05 17:34:34 INFO  no build target found for /Users/szymon/Documents/Studia-UWr/Scala/lista6/pizza-place/src/main/app/orders/Order.scala. Using presentation compiler with project's scala-library version: 3.3.3
2024.06.05 17:34:34 INFO  no build target found for /Users/szymon/Documents/Studia-UWr/Scala/lista6/pizza-place/src/main/app/orders/Order.scala. Using presentation compiler with project's scala-library version: 3.3.3
2024.06.05 17:34:40 INFO  no build target found for /Users/szymon/Documents/Studia-UWr/Scala/lista6/pizza-place/src/main/app/orders/Order.scala. Using presentation compiler with project's scala-library version: 3.3.3
2024.06.05 17:34:40 INFO  no build target found for /Users/szymon/Documents/Studia-UWr/Scala/lista6/pizza-place/src/main/app/orders/Order.scala. Using presentation compiler with project's scala-library version: 3.3.3
2024.06.05 17:34:44 INFO  no build target found for /Users/szymon/Documents/Studia-UWr/Scala/lista6/pizza-place/src/main/app/orders/Order.scala. Using presentation compiler with project's scala-library version: 3.3.3
2024.06.05 17:34:48 INFO  no build target found for /Users/szymon/Documents/Studia-UWr/Scala/lista6/pizza-place/src/main/app/orders/Order.scala. Using presentation compiler with project's scala-library version: 3.3.3
2024.06.05 17:34:48 INFO  no build target found for /Users/szymon/Documents/Studia-UWr/Scala/lista6/pizza-place/src/main/app/orders/Order.scala. Using presentation compiler with project's scala-library version: 3.3.3
2024.06.05 17:34:52 INFO  no build target found for /Users/szymon/Documents/Studia-UWr/Scala/lista6/pizza-place/src/main/app/orders/Order.scala. Using presentation compiler with project's scala-library version: 3.3.3
2024.06.05 17:34:56 INFO  no build target found for /Users/szymon/Documents/Studia-UWr/Scala/lista6/pizza-place/src/main/app/orders/Order.scala. Using presentation compiler with project's scala-library version: 3.3.3
2024.06.05 17:34:56 INFO  no build target found for /Users/szymon/Documents/Studia-UWr/Scala/lista6/pizza-place/src/main/app/orders/Order.scala. Using presentation compiler with project's scala-library version: 3.3.3
2024.06.05 17:34:58 INFO  no build target found for /Users/szymon/Documents/Studia-UWr/Scala/lista6/pizza-place/src/main/app/orders/Order.scala. Using presentation compiler with project's scala-library version: 3.3.3
2024.06.05 17:35:02 INFO  no build target found for /Users/szymon/Documents/Studia-UWr/Scala/lista6/pizza-place/src/main/app/orders/Order.scala. Using presentation compiler with project's scala-library version: 3.3.3
2024.06.05 17:35:02 INFO  no build target found for /Users/szymon/Documents/Studia-UWr/Scala/lista6/pizza-place/src/main/app/orders/Order.scala. Using presentation compiler with project's scala-library version: 3.3.3
2024.06.05 17:35:03 INFO  no build target found for /Users/szymon/Documents/Studia-UWr/Scala/lista6/pizza-place/src/main/app/orders/Order.scala. Using presentation compiler with project's scala-library version: 3.3.3
2024.06.05 17:35:03 INFO  no build target found for /Users/szymon/Documents/Studia-UWr/Scala/lista6/pizza-place/src/main/app/orders/Order.scala. Using presentation compiler with project's scala-library version: 3.3.3
2024.06.05 17:35:03 INFO  no build target found for /Users/szymon/Documents/Studia-UWr/Scala/lista6/pizza-place/src/main/app/orders/Order.scala. Using presentation compiler with project's scala-library version: 3.3.3
2024.06.05 17:35:05 INFO  no build target found for /Users/szymon/Documents/Studia-UWr/Scala/lista6/pizza-place/src/main/app/orders/Order.scala. Using presentation compiler with project's scala-library version: 3.3.3
2024.06.05 17:35:05 INFO  no build target found for /Users/szymon/Documents/Studia-UWr/Scala/lista6/pizza-place/src/main/app/orders/Order.scala. Using presentation compiler with project's scala-library version: 3.3.3
2024.06.05 17:35:05 INFO  no build target found for /Users/szymon/Documents/Studia-UWr/Scala/lista6/pizza-place/src/main/app/orders/Order.scala. Using presentation compiler with project's scala-library version: 3.3.3
2024.06.05 17:35:05 INFO  no build target found for /Users/szymon/Documents/Studia-UWr/Scala/lista6/pizza-place/src/main/app/orders/Order.scala. Using presentation compiler with project's scala-library version: 3.3.3
2024.06.05 17:35:07 INFO  no build target found for /Users/szymon/Documents/Studia-UWr/Scala/lista6/pizza-place/src/main/app/orders/Order.scala. Using presentation compiler with project's scala-library version: 3.3.3
2024.06.05 17:35:08 INFO  no build target found for /Users/szymon/Documents/Studia-UWr/Scala/lista6/pizza-place/src/main/app/orders/Order.scala. Using presentation compiler with project's scala-library version: 3.3.3
2024.06.05 17:35:09 INFO  no build target found for /Users/szymon/Documents/Studia-UWr/Scala/lista6/pizza-place/src/main/app/orders/Order.scala. Using presentation compiler with project's scala-library version: 3.3.3
2024.06.05 17:35:10 INFO  no build target found for /Users/szymon/Documents/Studia-UWr/Scala/lista6/pizza-place/src/main/app/orders/Order.scala. Using presentation compiler with project's scala-library version: 3.3.3
2024.06.05 17:35:10 INFO  no build target found for /Users/szymon/Documents/Studia-UWr/Scala/lista6/pizza-place/src/main/app/orders/Order.scala. Using presentation compiler with project's scala-library version: 3.3.3
2024.06.05 17:35:10 INFO  no build target found for /Users/szymon/Documents/Studia-UWr/Scala/lista6/pizza-place/src/main/app/orders/Order.scala. Using presentation compiler with project's scala-library version: 3.3.3
2024.06.05 17:35:12 INFO  no build target found for /Users/szymon/Documents/Studia-UWr/Scala/lista6/pizza-place/src/main/app/orders/Order.scala. Using presentation compiler with project's scala-library version: 3.3.3
2024.06.05 17:35:13 INFO  no build target found for /Users/szymon/Documents/Studia-UWr/Scala/lista6/pizza-place/src/main/app/orders/Order.scala. Using presentation compiler with project's scala-library version: 3.3.3
2024.06.05 17:35:14 INFO  no build target found for /Users/szymon/Documents/Studia-UWr/Scala/lista6/pizza-place/src/main/app/orders/Order.scala. Using presentation compiler with project's scala-library version: 3.3.3
2024.06.05 17:35:14 INFO  no build target found for /Users/szymon/Documents/Studia-UWr/Scala/lista6/pizza-place/src/main/app/orders/Order.scala. Using presentation compiler with project's scala-library version: 3.3.3
2024.06.05 17:35:15 INFO  no build target found for /Users/szymon/Documents/Studia-UWr/Scala/lista6/pizza-place/src/main/app/orders/Order.scala. Using presentation compiler with project's scala-library version: 3.3.3
2024.06.05 17:35:14 INFO  no build target found for /Users/szymon/Documents/Studia-UWr/Scala/lista6/pizza-place/src/main/app/orders/Order.scala. Using presentation compiler with project's scala-library version: 3.3.3
2024.06.05 17:36:03 INFO  no build target found for /Users/szymon/Documents/Studia-UWr/Scala/lista6/pizza-place/src/main/app/orders/Order.scala. Using presentation compiler with project's scala-library version: 3.3.3
2024.06.05 17:39:20 INFO  no build target found for /Users/szymon/Documents/Studia-UWr/Scala/lista6/pizza-place/src/main/app/orders/Order.scala. Using presentation compiler with project's scala-library version: 3.3.3
2024.06.05 17:39:20 WARN  no build target for: /Users/szymon/Documents/Studia-UWr/Scala/lista6/pizza-place/src/main/app/orders/Order.scala
2024.06.05 17:39:20 INFO  no build target found for /Users/szymon/Documents/Studia-UWr/Scala/lista6/pizza-place/src/main/app/orders/Order.scala. Using presentation compiler with project's scala-library version: 3.3.3
2024.06.05 17:39:23 INFO  no build target found for /Users/szymon/Documents/Studia-UWr/Scala/lista6/pizza-place/src/main/app/orders/Order.scala. Using presentation compiler with project's scala-library version: 3.3.3
2024.06.05 17:39:23 INFO  no build target found for /Users/szymon/Documents/Studia-UWr/Scala/lista6/pizza-place/src/main/app/pizzaTypes/pizzaTypes.scala. Using presentation compiler with project's scala-library version: 3.3.3
2024.06.05 17:39:25 INFO  no build target found for /Users/szymon/Documents/Studia-UWr/Scala/lista6/pizza-place/src/main/app/pizzaTypes/pizzaTypes.scala. Using presentation compiler with project's scala-library version: 3.3.3
2024.06.05 17:39:27 INFO  no build target found for /Users/szymon/Documents/Studia-UWr/Scala/lista6/pizza-place/src/main/app/pizzaTypes/pizzaTypes.scala. Using presentation compiler with project's scala-library version: 3.3.3
2024.06.05 17:39:27 INFO  no build target found for /Users/szymon/Documents/Studia-UWr/Scala/lista6/pizza-place/src/main/app/pizzeria/Pizzeria.scala. Using presentation compiler with project's scala-library version: 3.3.3
2024.06.05 17:39:27 INFO  no build target found for /Users/szymon/Documents/Studia-UWr/Scala/lista6/pizza-place/src/main/app/pizzeria/Pizzeria.scala. Using presentation compiler with project's scala-library version: 3.3.3
2024.06.05 17:39:30 INFO  no build target found for /Users/szymon/Documents/Studia-UWr/Scala/lista6/pizza-place/src/main/app/pizzeria/Pizzeria.scala. Using presentation compiler with project's scala-library version: 3.3.3
2024.06.05 17:39:30 INFO  no build target found for /Users/szymon/Documents/Studia-UWr/Scala/lista6/pizza-place/src/main/app/pizzeria/Pizzeria.scala. Using presentation compiler with project's scala-library version: 3.3.3
2024.06.05 17:39:30 INFO  no build target found for /Users/szymon/Documents/Studia-UWr/Scala/lista6/pizza-place/src/main/app/pizzeria/Pizzeria.scala. Using presentation compiler with project's scala-library version: 3.3.3
2024.06.05 17:39:30 INFO  no build target found for /Users/szymon/Documents/Studia-UWr/Scala/lista6/pizza-place/src/main/app/pizzeria/Pizzeria.scala. Using presentation compiler with project's scala-library version: 3.3.3
2024.06.05 17:39:32 INFO  no build target found for /Users/szymon/Documents/Studia-UWr/Scala/lista6/pizza-place/src/main/app/pizzeria/Pizzeria.scala. Using presentation compiler with project's scala-library version: 3.3.3
2024.06.05 17:39:47 INFO  no build target found for /Users/szymon/Documents/Studia-UWr/Scala/lista6/pizza-place/src/main/app/pizzeria/Pizzeria.scala. Using presentation compiler with project's scala-library version: 3.3.3
2024.06.05 17:39:47 INFO  no build target found for /Users/szymon/Documents/Studia-UWr/Scala/lista6/pizza-place/src/main/app/pizzeria/Pizzeria.scala. Using presentation compiler with project's scala-library version: 3.3.3
2024.06.05 17:39:51 INFO  no build target found for /Users/szymon/Documents/Studia-UWr/Scala/lista6/pizza-place/src/main/app/pizzeria/Pizzeria.scala. Using presentation compiler with project's scala-library version: 3.3.3
2024.06.05 17:39:51 INFO  no build target found for /Users/szymon/Documents/Studia-UWr/Scala/lista6/pizza-place/src/main/app/pizzeria/Pizzeria.scala. Using presentation compiler with project's scala-library version: 3.3.3
2024.06.05 17:39:51 INFO  no build target found for /Users/szymon/Documents/Studia-UWr/Scala/lista6/pizza-place/src/main/app/pizzeria/Pizzeria.scala. Using presentation compiler with project's scala-library version: 3.3.3
2024.06.05 17:39:53 INFO  no build target found for /Users/szymon/Documents/Studia-UWr/Scala/lista6/pizza-place/src/main/app/pizzeria/Pizzeria.scala. Using presentation compiler with project's scala-library version: 3.3.3
2024.06.05 17:39:53 ERROR Failed to tokenize input for semantic tokens for /Users/szymon/Documents/Studia-UWr/Scala/lista6/pizza-place/src/main/app/pizzeria/Pizzeria.scala
scala.meta.tokenizers.TokenizeException: <input>:22: error: Not one of: `$$', `$'ident, `$'this, `$'BlockExpr, `$'_
          s"Extra topping: ${prettifyOption(extraTopping, "No extra topping")}" 
                                                                              ^
	at scala.meta.internal.tokenizers.Reporter.syntaxError(Reporter.scala:23)
	at scala.meta.internal.tokenizers.Reporter.syntaxError$(Reporter.scala:23)
	at scala.meta.internal.tokenizers.Reporter$$anon$1.syntaxError(Reporter.scala:33)
	at scala.meta.internal.tokenizers.Reporter.syntaxError(Reporter.scala:25)
	at scala.meta.internal.tokenizers.Reporter.syntaxError$(Reporter.scala:25)
	at scala.meta.internal.tokenizers.Reporter$$anon$1.syntaxError(Reporter.scala:33)
	at scala.meta.internal.tokenizers.LegacyScanner.getStringPart(LegacyScanner.scala:656)
	at scala.meta.internal.tokenizers.LegacyScanner.fetchToken(LegacyScanner.scala:252)
	at scala.meta.internal.tokenizers.LegacyScanner.nextToken(LegacyScanner.scala:214)
	at scala.meta.internal.tokenizers.LegacyScanner.foreach(LegacyScanner.scala:982)
	at scala.meta.internal.tokenizers.ScalametaTokenizer.uncachedTokenize(ScalametaTokenizer.scala:23)
	at scala.meta.internal.tokenizers.ScalametaTokenizer.$anonfun$tokenize$1(ScalametaTokenizer.scala:16)
	at scala.collection.concurrent.TrieMap.getOrElseUpdate(TrieMap.scala:960)
	at scala.meta.internal.tokenizers.ScalametaTokenizer.tokenize(ScalametaTokenizer.scala:16)
	at scala.meta.internal.tokenizers.ScalametaTokenizer$$anon$2.apply(ScalametaTokenizer.scala:331)
	at scala.meta.tokenizers.Api$XtensionTokenizeDialectInput.tokenize(Api.scala:25)
	at scala.meta.tokenizers.Api$XtensionTokenizeInputLike.tokenize(Api.scala:14)
	at scala.meta.internal.metals.SemanticTokensProvider$.getTokens(SemanticTokensProvider.scala:28)
	at scala.meta.internal.metals.SemanticTokensProvider$.provide(SemanticTokensProvider.scala:89)
	at scala.meta.internal.metals.Compilers.$anonfun$semanticTokens$3(Compilers.scala:514)
	at scala.concurrent.impl.Promise$Transformation.run(Promise.scala:467)
	at java.util.concurrent.ThreadPoolExecutor.runWorker(ThreadPoolExecutor.java:1136)
	at java.util.concurrent.ThreadPoolExecutor$Worker.run(ThreadPoolExecutor.java:635)
	at java.lang.Thread.run(Thread.java:833)

2024.06.05 17:39:56 INFO  no build target found for /Users/szymon/Documents/Studia-UWr/Scala/lista6/pizza-place/src/main/app/pizzeria/Pizzeria.scala. Using presentation compiler with project's scala-library version: 3.3.3
2024.06.05 17:39:57 INFO  no build target found for /Users/szymon/Documents/Studia-UWr/Scala/lista6/pizza-place/src/main/app/pizzeria/Pizzeria.scala. Using presentation compiler with project's scala-library version: 3.3.3
2024.06.05 17:39:58 INFO  no build target found for /Users/szymon/Documents/Studia-UWr/Scala/lista6/pizza-place/src/main/app/pizzeria/Pizzeria.scala. Using presentation compiler with project's scala-library version: 3.3.3
2024.06.05 17:39:58 INFO  no build target found for /Users/szymon/Documents/Studia-UWr/Scala/lista6/pizza-place/src/main/app/pizzeria/Pizzeria.scala. Using presentation compiler with project's scala-library version: 3.3.3
2024.06.05 17:40:00 INFO  no build target found for /Users/szymon/Documents/Studia-UWr/Scala/lista6/pizza-place/src/main/app/pizzeria/Pizzeria.scala. Using presentation compiler with project's scala-library version: 3.3.3
2024.06.05 17:40:00 INFO  no build target found for /Users/szymon/Documents/Studia-UWr/Scala/lista6/pizza-place/src/main/app/pizzeria/Pizzeria.scala. Using presentation compiler with project's scala-library version: 3.3.3
2024.06.05 17:40:04 INFO  no build target found for /Users/szymon/Documents/Studia-UWr/Scala/lista6/pizza-place/src/main/app/pizzeria/Pizzeria.scala. Using presentation compiler with project's scala-library version: 3.3.3
2024.06.05 17:40:07 INFO  no build target found for /Users/szymon/Documents/Studia-UWr/Scala/lista6/pizza-place/src/main/app/pizzeria/Pizzeria.scala. Using presentation compiler with project's scala-library version: 3.3.3
2024.06.05 17:40:07 INFO  no build target found for /Users/szymon/Documents/Studia-UWr/Scala/lista6/pizza-place/src/main/app/pizzeria/Pizzeria.scala. Using presentation compiler with project's scala-library version: 3.3.3
2024.06.05 17:40:07 INFO  no build target found for /Users/szymon/Documents/Studia-UWr/Scala/lista6/pizza-place/src/main/app/pizzeria/Pizzeria.scala. Using presentation compiler with project's scala-library version: 3.3.3
2024.06.05 17:40:07 INFO  no build target found for /Users/szymon/Documents/Studia-UWr/Scala/lista6/pizza-place/src/main/app/pizzeria/Pizzeria.scala. Using presentation compiler with project's scala-library version: 3.3.3
2024.06.05 17:40:08 INFO  no build target found for /Users/szymon/Documents/Studia-UWr/Scala/lista6/pizza-place/src/main/app/pizzeria/Pizzeria.scala. Using presentation compiler with project's scala-library version: 3.3.3
2024.06.05 17:40:10 INFO  no build target found for /Users/szymon/Documents/Studia-UWr/Scala/lista6/pizza-place/src/main/app/pizzeria/Pizzeria.scala. Using presentation compiler with project's scala-library version: 3.3.3
2024.06.05 17:40:11 INFO  no build target found for /Users/szymon/Documents/Studia-UWr/Scala/lista6/pizza-place/src/main/app/pizzeria/Pizzeria.scala. Using presentation compiler with project's scala-library version: 3.3.3
2024.06.05 17:40:11 INFO  no build target found for /Users/szymon/Documents/Studia-UWr/Scala/lista6/pizza-place/src/main/app/pizzeria/Pizzeria.scala. Using presentation compiler with project's scala-library version: 3.3.3
2024.06.05 17:40:11 INFO  no build target found for /Users/szymon/Documents/Studia-UWr/Scala/lista6/pizza-place/src/main/app/pizzeria/Pizzeria.scala. Using presentation compiler with project's scala-library version: 3.3.3
2024.06.05 17:40:13 INFO  no build target found for /Users/szymon/Documents/Studia-UWr/Scala/lista6/pizza-place/src/main/app/pizzeria/Pizzeria.scala. Using presentation compiler with project's scala-library version: 3.3.3
2024.06.05 17:40:13 INFO  no build target found for /Users/szymon/Documents/Studia-UWr/Scala/lista6/pizza-place/src/main/app/pizzeria/Pizzeria.scala. Using presentation compiler with project's scala-library version: 3.3.3
2024.06.05 17:40:13 INFO  no build target found for /Users/szymon/Documents/Studia-UWr/Scala/lista6/pizza-place/src/main/app/pizzeria/Pizzeria.scala. Using presentation compiler with project's scala-library version: 3.3.3
2024.06.05 17:40:13 INFO  no build target found for /Users/szymon/Documents/Studia-UWr/Scala/lista6/pizza-place/src/main/app/pizzeria/Pizzeria.scala. Using presentation compiler with project's scala-library version: 3.3.3
2024.06.05 17:40:15 INFO  no build target found for /Users/szymon/Documents/Studia-UWr/Scala/lista6/pizza-place/src/main/app/pizzeria/Pizzeria.scala. Using presentation compiler with project's scala-library version: 3.3.3
2024.06.05 17:40:20 INFO  no build target found for /Users/szymon/Documents/Studia-UWr/Scala/lista6/pizza-place/src/main/app/pizzeria/Pizzeria.scala. Using presentation compiler with project's scala-library version: 3.3.3
2024.06.05 17:40:21 INFO  no build target found for /Users/szymon/Documents/Studia-UWr/Scala/lista6/pizza-place/src/main/app/pizzeria/Pizzeria.scala. Using presentation compiler with project's scala-library version: 3.3.3
2024.06.05 17:40:22 INFO  no build target found for /Users/szymon/Documents/Studia-UWr/Scala/lista6/pizza-place/src/main/app/pizzeria/Pizzeria.scala. Using presentation compiler with project's scala-library version: 3.3.3
2024.06.05 17:40:23 INFO  no build target found for /Users/szymon/Documents/Studia-UWr/Scala/lista6/pizza-place/src/main/app/pizzeria/Pizzeria.scala. Using presentation compiler with project's scala-library version: 3.3.3
2024.06.05 17:40:24 INFO  no build target found for /Users/szymon/Documents/Studia-UWr/Scala/lista6/pizza-place/src/main/app/pizzeria/Pizzeria.scala. Using presentation compiler with project's scala-library version: 3.3.3
2024.06.05 17:40:25 INFO  no build target found for /Users/szymon/Documents/Studia-UWr/Scala/lista6/pizza-place/src/main/app/pizzeria/Pizzeria.scala. Using presentation compiler with project's scala-library version: 3.3.3
2024.06.05 17:40:25 INFO  no build target found for /Users/szymon/Documents/Studia-UWr/Scala/lista6/pizza-place/src/main/app/pizzeria/Pizzeria.scala. Using presentation compiler with project's scala-library version: 3.3.3
2024.06.05 17:40:25 INFO  no build target found for /Users/szymon/Documents/Studia-UWr/Scala/lista6/pizza-place/src/main/app/pizzeria/Pizzeria.scala. Using presentation compiler with project's scala-library version: 3.3.3
2024.06.05 17:40:26 INFO  no build target found for /Users/szymon/Documents/Studia-UWr/Scala/lista6/pizza-place/src/main/app/pizzeria/Pizzeria.scala. Using presentation compiler with project's scala-library version: 3.3.3
2024.06.05 17:40:27 INFO  no build target found for /Users/szymon/Documents/Studia-UWr/Scala/lista6/pizza-place/src/main/app/pizzeria/Pizzeria.scala. Using presentation compiler with project's scala-library version: 3.3.3
2024.06.05 17:40:27 INFO  no build target found for /Users/szymon/Documents/Studia-UWr/Scala/lista6/pizza-place/src/main/app/pizzeria/Pizzeria.scala. Using presentation compiler with project's scala-library version: 3.3.3
2024.06.05 17:40:27 INFO  no build target found for /Users/szymon/Documents/Studia-UWr/Scala/lista6/pizza-place/src/main/app/pizzeria/Pizzeria.scala. Using presentation compiler with project's scala-library version: 3.3.3
2024.06.05 17:40:29 INFO  no build target found for /Users/szymon/Documents/Studia-UWr/Scala/lista6/pizza-place/src/main/app/pizzeria/Pizzeria.scala. Using presentation compiler with project's scala-library version: 3.3.3
2024.06.05 17:40:29 INFO  no build target found for /Users/szymon/Documents/Studia-UWr/Scala/lista6/pizza-place/src/main/app/pizzeria/Pizzeria.scala. Using presentation compiler with project's scala-library version: 3.3.3
2024.06.05 17:40:30 INFO  no build target found for /Users/szymon/Documents/Studia-UWr/Scala/lista6/pizza-place/src/main/app/pizzeria/Pizzeria.scala. Using presentation compiler with project's scala-library version: 3.3.3
2024.06.05 17:40:30 INFO  no build target found for /Users/szymon/Documents/Studia-UWr/Scala/lista6/pizza-place/src/main/app/pizzeria/Pizzeria.scala. Using presentation compiler with project's scala-library version: 3.3.3
2024.06.05 17:40:31 INFO  no build target found for /Users/szymon/Documents/Studia-UWr/Scala/lista6/pizza-place/src/main/app/pizzeria/Pizzeria.scala. Using presentation compiler with project's scala-library version: 3.3.3
2024.06.05 17:40:33 INFO  no build target found for /Users/szymon/Documents/Studia-UWr/Scala/lista6/pizza-place/src/main/app/pizzeria/Pizzeria.scala. Using presentation compiler with project's scala-library version: 3.3.3
2024.06.05 17:40:33 INFO  no build target found for /Users/szymon/Documents/Studia-UWr/Scala/lista6/pizza-place/src/main/app/pizzeria/Pizzeria.scala. Using presentation compiler with project's scala-library version: 3.3.3
2024.06.05 17:40:33 INFO  no build target found for /Users/szymon/Documents/Studia-UWr/Scala/lista6/pizza-place/src/main/app/pizzeria/Pizzeria.scala. Using presentation compiler with project's scala-library version: 3.3.3
2024.06.05 17:40:35 INFO  no build target found for /Users/szymon/Documents/Studia-UWr/Scala/lista6/pizza-place/src/main/app/pizzeria/Pizzeria.scala. Using presentation compiler with project's scala-library version: 3.3.3
2024.06.05 17:40:36 INFO  no build target found for /Users/szymon/Documents/Studia-UWr/Scala/lista6/pizza-place/src/main/app/pizzeria/Pizzeria.scala. Using presentation compiler with project's scala-library version: 3.3.3
2024.06.05 17:40:35 INFO  no build target found for /Users/szymon/Documents/Studia-UWr/Scala/lista6/pizza-place/src/main/app/pizzeria/Pizzeria.scala. Using presentation compiler with project's scala-library version: 3.3.3
2024.06.05 17:40:37 INFO  no build target found for /Users/szymon/Documents/Studia-UWr/Scala/lista6/pizza-place/src/main/app/pizzeria/Pizzeria.scala. Using presentation compiler with project's scala-library version: 3.3.3
2024.06.05 17:40:38 INFO  no build target found for /Users/szymon/Documents/Studia-UWr/Scala/lista6/pizza-place/src/main/app/pizzeria/Pizzeria.scala. Using presentation compiler with project's scala-library version: 3.3.3
2024.06.05 17:40:42 INFO  no build target found for /Users/szymon/Documents/Studia-UWr/Scala/lista6/pizza-place/src/main/app/pizzeria/Pizzeria.scala. Using presentation compiler with project's scala-library version: 3.3.3
2024.06.05 17:40:42 INFO  no build target found for /Users/szymon/Documents/Studia-UWr/Scala/lista6/pizza-place/src/main/app/pizzeria/Pizzeria.scala. Using presentation compiler with project's scala-library version: 3.3.3
2024.06.05 17:40:43 INFO  no build target found for /Users/szymon/Documents/Studia-UWr/Scala/lista6/pizza-place/src/main/app/pizzeria/Pizzeria.scala. Using presentation compiler with project's scala-library version: 3.3.3
2024.06.05 17:40:44 INFO  no build target found for /Users/szymon/Documents/Studia-UWr/Scala/lista6/pizza-place/src/main/app/pizzeria/Pizzeria.scala. Using presentation compiler with project's scala-library version: 3.3.3
2024.06.05 17:40:48 INFO  no build target found for /Users/szymon/Documents/Studia-UWr/Scala/lista6/pizza-place/src/main/app/pizzeria/Pizzeria.scala. Using presentation compiler with project's scala-library version: 3.3.3
2024.06.05 17:40:48 INFO  no build target found for /Users/szymon/Documents/Studia-UWr/Scala/lista6/pizza-place/src/main/app/pizzeria/Pizzeria.scala. Using presentation compiler with project's scala-library version: 3.3.3
2024.06.05 17:40:48 INFO  no build target found for /Users/szymon/Documents/Studia-UWr/Scala/lista6/pizza-place/src/main/app/pizzeria/Pizzeria.scala. Using presentation compiler with project's scala-library version: 3.3.3
2024.06.05 17:40:49 INFO  no build target found for /Users/szymon/Documents/Studia-UWr/Scala/lista6/pizza-place/src/main/app/pizzeria/Pizzeria.scala. Using presentation compiler with project's scala-library version: 3.3.3
2024.06.05 17:40:51 INFO  no build target found for /Users/szymon/Documents/Studia-UWr/Scala/lista6/pizza-place/src/main/app/pizzeria/Pizzeria.scala. Using presentation compiler with project's scala-library version: 3.3.3
2024.06.05 17:40:52 INFO  no build target found for /Users/szymon/Documents/Studia-UWr/Scala/lista6/pizza-place/src/main/app/pizzeria/Pizzeria.scala. Using presentation compiler with project's scala-library version: 3.3.3
2024.06.05 17:40:53 INFO  no build target found for /Users/szymon/Documents/Studia-UWr/Scala/lista6/pizza-place/src/main/app/pizzeria/Pizzeria.scala. Using presentation compiler with project's scala-library version: 3.3.3
2024.06.05 17:40:53 INFO  no build target found for /Users/szymon/Documents/Studia-UWr/Scala/lista6/pizza-place/src/main/app/pizzeria/Pizzeria.scala. Using presentation compiler with project's scala-library version: 3.3.3
2024.06.05 17:40:53 ERROR Failed to tokenize input for semantic tokens for /Users/szymon/Documents/Studia-UWr/Scala/lista6/pizza-place/src/main/app/pizzeria/Pizzeria.scala
scala.meta.tokenizers.TokenizeException: <input>:45: error: unclosed multi-line string interpolation
}
^
	at scala.meta.internal.tokenizers.Reporter.incompleteInputError(Reporter.scala:27)
	at scala.meta.internal.tokenizers.Reporter.incompleteInputError$(Reporter.scala:26)
	at scala.meta.internal.tokenizers.Reporter$$anon$1.incompleteInputError(Reporter.scala:33)
	at scala.meta.internal.tokenizers.Reporter.incompleteInputError(Reporter.scala:29)
	at scala.meta.internal.tokenizers.Reporter.incompleteInputError$(Reporter.scala:29)
	at scala.meta.internal.tokenizers.Reporter$$anon$1.incompleteInputError(Reporter.scala:33)
	at scala.meta.internal.tokenizers.LegacyScanner.getStringPart(LegacyScanner.scala:664)
	at scala.meta.internal.tokenizers.LegacyScanner.fetchToken(LegacyScanner.scala:252)
	at scala.meta.internal.tokenizers.LegacyScanner.nextToken(LegacyScanner.scala:214)
	at scala.meta.internal.tokenizers.LegacyScanner.foreach(LegacyScanner.scala:982)
	at scala.meta.internal.tokenizers.ScalametaTokenizer.uncachedTokenize(ScalametaTokenizer.scala:23)
	at scala.meta.internal.tokenizers.ScalametaTokenizer.$anonfun$tokenize$1(ScalametaTokenizer.scala:16)
	at scala.collection.concurrent.TrieMap.getOrElseUpdate(TrieMap.scala:960)
	at scala.meta.internal.tokenizers.ScalametaTokenizer.tokenize(ScalametaTokenizer.scala:16)
	at scala.meta.internal.tokenizers.ScalametaTokenizer$$anon$2.apply(ScalametaTokenizer.scala:331)
	at scala.meta.tokenizers.Api$XtensionTokenizeDialectInput.tokenize(Api.scala:25)
	at scala.meta.tokenizers.Api$XtensionTokenizeInputLike.tokenize(Api.scala:14)
	at scala.meta.internal.metals.SemanticTokensProvider$.getTokens(SemanticTokensProvider.scala:28)
	at scala.meta.internal.metals.SemanticTokensProvider$.provide(SemanticTokensProvider.scala:89)
	at scala.meta.internal.metals.Compilers.$anonfun$semanticTokens$3(Compilers.scala:514)
	at scala.concurrent.impl.Promise$Transformation.run(Promise.scala:467)
	at java.util.concurrent.ThreadPoolExecutor.runWorker(ThreadPoolExecutor.java:1136)
	at java.util.concurrent.ThreadPoolExecutor$Worker.run(ThreadPoolExecutor.java:635)
	at java.lang.Thread.run(Thread.java:833)

2024.06.05 17:40:54 INFO  no build target found for /Users/szymon/Documents/Studia-UWr/Scala/lista6/pizza-place/src/main/app/pizzeria/Pizzeria.scala. Using presentation compiler with project's scala-library version: 3.3.3
2024.06.05 17:40:54 INFO  no build target found for /Users/szymon/Documents/Studia-UWr/Scala/lista6/pizza-place/src/main/app/pizzeria/Pizzeria.scala. Using presentation compiler with project's scala-library version: 3.3.3
2024.06.05 17:40:55 INFO  no build target found for /Users/szymon/Documents/Studia-UWr/Scala/lista6/pizza-place/src/main/app/pizzeria/Pizzeria.scala. Using presentation compiler with project's scala-library version: 3.3.3
2024.06.05 17:40:56 INFO  no build target found for /Users/szymon/Documents/Studia-UWr/Scala/lista6/pizza-place/src/main/app/pizzeria/Pizzeria.scala. Using presentation compiler with project's scala-library version: 3.3.3
2024.06.05 17:40:56 INFO  no build target found for /Users/szymon/Documents/Studia-UWr/Scala/lista6/pizza-place/src/main/app/pizzeria/Pizzeria.scala. Using presentation compiler with project's scala-library version: 3.3.3
2024.06.05 17:40:57 INFO  no build target found for /Users/szymon/Documents/Studia-UWr/Scala/lista6/pizza-place/src/main/app/pizzeria/Pizzeria.scala. Using presentation compiler with project's scala-library version: 3.3.3
2024.06.05 17:40:57 INFO  no build target found for /Users/szymon/Documents/Studia-UWr/Scala/lista6/pizza-place/src/main/app/pizzeria/Pizzeria.scala. Using presentation compiler with project's scala-library version: 3.3.3
2024.06.05 17:40:58 INFO  no build target found for /Users/szymon/Documents/Studia-UWr/Scala/lista6/pizza-place/src/main/app/pizzeria/Pizzeria.scala. Using presentation compiler with project's scala-library version: 3.3.3
2024.06.05 17:40:59 INFO  no build target found for /Users/szymon/Documents/Studia-UWr/Scala/lista6/pizza-place/src/main/app/pizzeria/Pizzeria.scala. Using presentation compiler with project's scala-library version: 3.3.3
2024.06.05 17:40:59 INFO  no build target found for /Users/szymon/Documents/Studia-UWr/Scala/lista6/pizza-place/src/main/app/pizzeria/Pizzeria.scala. Using presentation compiler with project's scala-library version: 3.3.3
2024.06.05 17:41:00 INFO  no build target found for /Users/szymon/Documents/Studia-UWr/Scala/lista6/pizza-place/src/main/app/pizzeria/Pizzeria.scala. Using presentation compiler with project's scala-library version: 3.3.3
2024.06.05 17:41:00 INFO  no build target found for /Users/szymon/Documents/Studia-UWr/Scala/lista6/pizza-place/src/main/app/pizzeria/Pizzeria.scala. Using presentation compiler with project's scala-library version: 3.3.3
2024.06.05 17:41:02 INFO  no build target found for /Users/szymon/Documents/Studia-UWr/Scala/lista6/pizza-place/src/main/app/pizzeria/Pizzeria.scala. Using presentation compiler with project's scala-library version: 3.3.3
2024.06.05 17:41:02 INFO  no build target found for /Users/szymon/Documents/Studia-UWr/Scala/lista6/pizza-place/src/main/app/pizzeria/Pizzeria.scala. Using presentation compiler with project's scala-library version: 3.3.3
2024.06.05 17:41:03 INFO  no build target found for /Users/szymon/Documents/Studia-UWr/Scala/lista6/pizza-place/src/main/app/pizzeria/Pizzeria.scala. Using presentation compiler with project's scala-library version: 3.3.3
2024.06.05 17:41:02 INFO  no build target found for /Users/szymon/Documents/Studia-UWr/Scala/lista6/pizza-place/src/main/app/pizzeria/Pizzeria.scala. Using presentation compiler with project's scala-library version: 3.3.3
2024.06.05 17:41:02 INFO  no build target found for /Users/szymon/Documents/Studia-UWr/Scala/lista6/pizza-place/src/main/app/pizzeria/Pizzeria.scala. Using presentation compiler with project's scala-library version: 3.3.3
2024.06.05 17:41:03 INFO  no build target found for /Users/szymon/Documents/Studia-UWr/Scala/lista6/pizza-place/src/main/app/pizzeria/Pizzeria.scala. Using presentation compiler with project's scala-library version: 3.3.3
2024.06.05 17:41:02 INFO  no build target found for /Users/szymon/Documents/Studia-UWr/Scala/lista6/pizza-place/src/main/app/pizzeria/Pizzeria.scala. Using presentation compiler with project's scala-library version: 3.3.3
2024.06.05 17:41:03 INFO  no build target found for /Users/szymon/Documents/Studia-UWr/Scala/lista6/pizza-place/src/main/app/pizzeria/Pizzeria.scala. Using presentation compiler with project's scala-library version: 3.3.3
2024.06.05 17:41:05 INFO  no build target found for /Users/szymon/Documents/Studia-UWr/Scala/lista6/pizza-place/src/main/app/pizzeria/Pizzeria.scala. Using presentation compiler with project's scala-library version: 3.3.3
2024.06.05 17:41:05 INFO  no build target found for /Users/szymon/Documents/Studia-UWr/Scala/lista6/pizza-place/src/main/app/pizzeria/Pizzeria.scala. Using presentation compiler with project's scala-library version: 3.3.3
Jun 05, 2024 5:41:05 PM scala.meta.internal.pc.CompilerAccess handleError
SEVERE: A severe compiler error occurred, full details of the error can be found in the error report /Users/szymon/Documents/Studia-UWr/Scala/lista6/.metals/.reports/metals-full/2024-06-05/r_compiler-error_17-41-05-767.md
2024.06.05 17:41:09 WARN  no build target for: /Users/szymon/Documents/Studia-UWr/Scala/lista6/pizza-place/src/main/app/pizzeria/Pizzeria.scala
2024.06.05 17:41:09 INFO  no build target found for /Users/szymon/Documents/Studia-UWr/Scala/lista6/pizza-place/src/main/app/pizzeria/Pizzeria.scala. Using presentation compiler with project's scala-library version: 3.3.3
2024.06.05 17:41:09 INFO  no build target found for /Users/szymon/Documents/Studia-UWr/Scala/lista6/pizza-place/src/main/app/pizzeria/Pizzeria.scala. Using presentation compiler with project's scala-library version: 3.3.3
2024.06.05 17:41:20 INFO  no build target found for /Users/szymon/Documents/Studia-UWr/Scala/lista6/pizza-place/src/main/app/pizzeria/Pizzeria.scala. Using presentation compiler with project's scala-library version: 3.3.3
2024.06.05 17:41:30 INFO  no build target found for /Users/szymon/Documents/Studia-UWr/Scala/lista6/pizza-place/src/main/app/Main.scala. Using presentation compiler with project's scala-library version: 3.3.3
2024.06.05 17:41:46 INFO  no build target found for /Users/szymon/Documents/Studia-UWr/Scala/lista6/pizza-place/src/main/app/pizzeria/Pizzeria.scala. Using presentation compiler with project's scala-library version: 3.3.3
2024.06.05 17:41:47 INFO  no build target found for /Users/szymon/Documents/Studia-UWr/Scala/lista6/pizza-place/src/main/app/orders/Order.scala. Using presentation compiler with project's scala-library version: 3.3.3
2024.06.05 17:41:56 INFO  no build target found for /Users/szymon/Documents/Studia-UWr/Scala/lista6/pizza-place/src/main/app/orders/Order.scala. Using presentation compiler with project's scala-library version: 3.3.3
2024.06.05 17:41:56 INFO  no build target found for /Users/szymon/Documents/Studia-UWr/Scala/lista6/pizza-place/src/main/app/orders/Order.scala. Using presentation compiler with project's scala-library version: 3.3.3
2024.06.05 17:41:56 INFO  no build target found for /Users/szymon/Documents/Studia-UWr/Scala/lista6/pizza-place/src/main/app/orders/Order.scala. Using presentation compiler with project's scala-library version: 3.3.3
2024.06.05 17:41:57 INFO  no build target found for /Users/szymon/Documents/Studia-UWr/Scala/lista6/pizza-place/src/main/app/orders/Order.scala. Using presentation compiler with project's scala-library version: 3.3.3
2024.06.05 21:45:11 INFO  Shutting down server
2024.06.05 21:45:11 INFO  shutting down Metals
2024.06.05 21:45:11 INFO  Exiting server
