2024.05.22 14:17:00 INFO  Started: Metals version 1.3.1 in folders '/Users/szymon/Documents/Studia-UWr/Scala/lista8' for client Visual Studio Code 1.89.0.
SLF4J(W): Class path contains multiple SLF4J providers.
SLF4J(W): Found provider [scribe.slf4j.ScribeServiceProvider@16b54081]
SLF4J(W): Found provider [ch.qos.logback.classic.spi.LogbackServiceProvider@7d51c4ed]
SLF4J(W): See https://www.slf4j.org/codes.html#multiple_bindings for an explanation.
SLF4J(I): Actual provider is of type [scribe.slf4j.ScribeServiceProvider@16b54081]
2024.05.22 14:17:00 WARN  Flyway upgrade recommended: H2 2.2.224 is newer than this version of Flyway and support has not been tested. The latest supported version of H2 is 2.2.220.
May 22, 2024 2:17:01 PM org.eclipse.lsp4j.jsonrpc.RemoteEndpoint handleCancellation
WARNING: Unmatched cancel notification for request id 1
May 22, 2024 2:17:01 PM org.eclipse.lsp4j.jsonrpc.RemoteEndpoint handleCancellation
WARNING: Unmatched cancel notification for request id 2
2024.05.22 14:17:01 INFO  no build target found for /Users/szymon/Documents/Studia-UWr/Scala/lista8/facebook/src/main/scala/app/DataFetching/DataFetching.scala. Using presentation compiler with project's scala-library version: 3.3.3
May 22, 2024 2:17:01 PM org.eclipse.lsp4j.jsonrpc.RemoteEndpoint handleCancellation
WARNING: Unmatched cancel notification for request id 3
2024.05.22 14:17:01 INFO  no build target found for /Users/szymon/Documents/Studia-UWr/Scala/lista8/facebook/src/main/scala/app/DataFetching/DataFetching.scala. Using presentation compiler with project's scala-library version: 3.3.3
May 22, 2024 2:17:03 PM org.eclipse.lsp4j.jsonrpc.RemoteEndpoint handleCancellation
WARNING: Unmatched cancel notification for request id 7
May 22, 2024 2:17:03 PM org.eclipse.lsp4j.jsonrpc.RemoteEndpoint handleCancellation
WARNING: Unmatched cancel notification for request id 15
May 22, 2024 2:17:03 PM org.eclipse.lsp4j.jsonrpc.RemoteEndpoint handleCancellation
WARNING: Unmatched cancel notification for request id 17
2024.05.22 14:17:06 INFO  no build target found for /Users/szymon/Documents/Studia-UWr/Scala/lista8/facebook/src/main/scala/app/DataFetching/DataFetching.scala. Using presentation compiler with project's scala-library version: 3.3.3
2024.05.22 14:17:07 INFO  no build target found for /Users/szymon/Documents/Studia-UWr/Scala/lista8/facebook/src/main/scala/app/DataFetching/DataFetching.scala. Using presentation compiler with project's scala-library version: 3.3.3
2024.05.22 14:17:07 INFO  no build target found for /Users/szymon/Documents/Studia-UWr/Scala/lista8/facebook/src/main/scala/app/DataFetching/DataFetching.scala. Using presentation compiler with project's scala-library version: 3.3.3
2024.05.22 14:17:09 INFO  no build target found for /Users/szymon/Documents/Studia-UWr/Scala/lista8/facebook/src/main/scala/app/DataFetching/DataFetching.scala. Using presentation compiler with project's scala-library version: 3.3.3
2024.05.22 14:17:11 INFO  no build target found for /Users/szymon/Documents/Studia-UWr/Scala/lista8/facebook/src/main/scala/app/DataFetching/DataFetching.scala. Using presentation compiler with project's scala-library version: 3.3.3
2024.05.22 14:18:54 INFO  no build target found for /Users/szymon/Documents/Studia-UWr/Scala/lista8/facebook/src/main/scala/app/DataFetching/DataFetching.scala. Using presentation compiler with project's scala-library version: 3.3.3
2024.05.22 14:18:54 INFO  no build target found for /Users/szymon/Documents/Studia-UWr/Scala/lista8/facebook/src/main/scala/app/DataFetching/DataFetching.scala. Using presentation compiler with project's scala-library version: 3.3.3
2024.05.22 14:18:55 INFO  no build target found for /Users/szymon/Documents/Studia-UWr/Scala/lista8/facebook/src/main/scala/app/DataFetching/DataFetching.scala. Using presentation compiler with project's scala-library version: 3.3.3
2024.05.22 14:18:57 INFO  no build target found for /Users/szymon/Documents/Studia-UWr/Scala/lista8/facebook/src/main/scala/app/DataFetching/DataFetching.scala. Using presentation compiler with project's scala-library version: 3.3.3
2024.05.22 14:18:57 INFO  no build target found for /Users/szymon/Documents/Studia-UWr/Scala/lista8/facebook/src/main/scala/app/DataFetching/DataFetching.scala. Using presentation compiler with project's scala-library version: 3.3.3
2024.05.22 14:18:57 INFO  no build target found for /Users/szymon/Documents/Studia-UWr/Scala/lista8/facebook/src/main/scala/app/DataFetching/DataFetching.scala. Using presentation compiler with project's scala-library version: 3.3.3
2024.05.22 14:18:58 INFO  no build target found for /Users/szymon/Documents/Studia-UWr/Scala/lista8/facebook/src/main/scala/app/DataFetching/DataFetching.scala. Using presentation compiler with project's scala-library version: 3.3.3
2024.05.22 14:19:02 INFO  no build target found for /Users/szymon/Documents/Studia-UWr/Scala/lista8/facebook/src/main/scala/app/DataFetching/DataFetching.scala. Using presentation compiler with project's scala-library version: 3.3.3
2024.05.22 14:19:02 INFO  no build target found for /Users/szymon/Documents/Studia-UWr/Scala/lista8/facebook/src/main/scala/app/DataFetching/DataFetching.scala. Using presentation compiler with project's scala-library version: 3.3.3
2024.05.22 14:19:04 INFO  no build target found for /Users/szymon/Documents/Studia-UWr/Scala/lista8/facebook/src/main/scala/app/DataFetching/DataFetching.scala. Using presentation compiler with project's scala-library version: 3.3.3
2024.05.22 14:19:06 INFO  no build target found for /Users/szymon/Documents/Studia-UWr/Scala/lista8/facebook/src/main/scala/app/DataFetching/DataFetching.scala. Using presentation compiler with project's scala-library version: 3.3.3
2024.05.22 14:19:06 INFO  no build target found for /Users/szymon/Documents/Studia-UWr/Scala/lista8/facebook/src/main/scala/app/DataFetching/DataFetching.scala. Using presentation compiler with project's scala-library version: 3.3.3
2024.05.22 14:19:12 INFO  no build target found for /Users/szymon/Documents/Studia-UWr/Scala/lista8/facebook/src/main/scala/app/DataFetching/DataFetching.scala. Using presentation compiler with project's scala-library version: 3.3.3
2024.05.22 14:19:12 INFO  no build target found for /Users/szymon/Documents/Studia-UWr/Scala/lista8/facebook/src/main/scala/app/DataFetching/DataFetching.scala. Using presentation compiler with project's scala-library version: 3.3.3
2024.05.22 14:19:12 INFO  no build target found for /Users/szymon/Documents/Studia-UWr/Scala/lista8/facebook/src/main/scala/app/DataFetching/DataFetching.scala. Using presentation compiler with project's scala-library version: 3.3.3
2024.05.22 14:19:12 INFO  no build target found for /Users/szymon/Documents/Studia-UWr/Scala/lista8/facebook/src/main/scala/app/DataFetching/DataFetching.scala. Using presentation compiler with project's scala-library version: 3.3.3
2024.05.22 14:19:14 INFO  no build target found for /Users/szymon/Documents/Studia-UWr/Scala/lista8/facebook/src/main/scala/app/DataFetching/DataFetching.scala. Using presentation compiler with project's scala-library version: 3.3.3
2024.05.22 14:19:20 INFO  no build target found for /Users/szymon/Documents/Studia-UWr/Scala/lista8/facebook/src/main/scala/app/DataFetching/DataFetching.scala. Using presentation compiler with project's scala-library version: 3.3.3
2024.05.22 14:19:20 INFO  no build target found for /Users/szymon/Documents/Studia-UWr/Scala/lista8/facebook/src/main/scala/app/DataFetching/DataFetching.scala. Using presentation compiler with project's scala-library version: 3.3.3
2024.05.22 14:19:20 INFO  no build target found for /Users/szymon/Documents/Studia-UWr/Scala/lista8/facebook/src/main/scala/app/DataFetching/DataFetching.scala. Using presentation compiler with project's scala-library version: 3.3.3
2024.05.22 14:19:21 INFO  no build target found for /Users/szymon/Documents/Studia-UWr/Scala/lista8/facebook/src/main/scala/app/DataFetching/DataFetching.scala. Using presentation compiler with project's scala-library version: 3.3.3
2024.05.22 14:19:26 INFO  no build target found for /Users/szymon/Documents/Studia-UWr/Scala/lista8/facebook/src/main/scala/app/DataFetching/DataFetching.scala. Using presentation compiler with project's scala-library version: 3.3.3
2024.05.22 14:19:26 INFO  no build target found for /Users/szymon/Documents/Studia-UWr/Scala/lista8/facebook/src/main/scala/app/DataFetching/DataFetching.scala. Using presentation compiler with project's scala-library version: 3.3.3
2024.05.22 14:19:27 INFO  no build target found for /Users/szymon/Documents/Studia-UWr/Scala/lista8/facebook/src/main/scala/app/DataFetching/DataFetching.scala. Using presentation compiler with project's scala-library version: 3.3.3
2024.05.22 14:19:28 INFO  no build target found for /Users/szymon/Documents/Studia-UWr/Scala/lista8/facebook/src/main/scala/app/DataFetching/DataFetching.scala. Using presentation compiler with project's scala-library version: 3.3.3
2024.05.22 14:19:29 INFO  no build target found for /Users/szymon/Documents/Studia-UWr/Scala/lista8/facebook/src/main/scala/app/DataFetching/DataFetching.scala. Using presentation compiler with project's scala-library version: 3.3.3
2024.05.22 14:19:29 INFO  no build target found for /Users/szymon/Documents/Studia-UWr/Scala/lista8/facebook/src/main/scala/app/DataFetching/DataFetching.scala. Using presentation compiler with project's scala-library version: 3.3.3
2024.05.22 14:19:29 INFO  no build target found for /Users/szymon/Documents/Studia-UWr/Scala/lista8/facebook/src/main/scala/app/DataFetching/DataFetching.scala. Using presentation compiler with project's scala-library version: 3.3.3
2024.05.22 14:19:30 INFO  no build target found for /Users/szymon/Documents/Studia-UWr/Scala/lista8/facebook/src/main/scala/app/DataFetching/DataFetching.scala. Using presentation compiler with project's scala-library version: 3.3.3
2024.05.22 14:19:31 INFO  no build target found for /Users/szymon/Documents/Studia-UWr/Scala/lista8/facebook/src/main/scala/app/DataFetching/DataFetching.scala. Using presentation compiler with project's scala-library version: 3.3.3
2024.05.22 14:29:33 INFO  no build target found for /Users/szymon/Documents/Studia-UWr/Scala/lista8/facebook/src/main/scala/app/DataFetching/DataFetching.scala. Using presentation compiler with project's scala-library version: 3.3.3
2024.05.22 14:34:54 INFO  no build target found for /Users/szymon/Documents/Studia-UWr/Scala/lista8/facebook/src/main/scala/app/DataFetching/DataFetching.scala. Using presentation compiler with project's scala-library version: 3.3.3
2024.05.22 14:34:54 INFO  no build target found for /Users/szymon/Documents/Studia-UWr/Scala/lista8/facebook/src/main/scala/app/DataFetching/DataFetching.scala. Using presentation compiler with project's scala-library version: 3.3.3
2024.05.22 14:34:56 INFO  no build target found for /Users/szymon/Documents/Studia-UWr/Scala/lista8/facebook/src/main/scala/app/DataFetching/DataFetching.scala. Using presentation compiler with project's scala-library version: 3.3.3
2024.05.22 14:34:56 INFO  no build target found for /Users/szymon/Documents/Studia-UWr/Scala/lista8/facebook/src/main/scala/app/DataFetching/DataFetching.scala. Using presentation compiler with project's scala-library version: 3.3.3
2024.05.22 15:03:21 INFO  no build target found for /Users/szymon/Documents/Studia-UWr/Scala/lista8/facebook/src/main/scala/app/DataFetching/DataFetching.scala. Using presentation compiler with project's scala-library version: 3.3.3
2024.05.22 15:03:22 INFO  no build target found for /Users/szymon/Documents/Studia-UWr/Scala/lista8/facebook/src/main/scala/app/DataFetching/DataFetching.scala. Using presentation compiler with project's scala-library version: 3.3.3
2024.05.22 15:03:22 INFO  no build target found for /Users/szymon/Documents/Studia-UWr/Scala/lista8/facebook/src/main/scala/app/DataFetching/DataFetching.scala. Using presentation compiler with project's scala-library version: 3.3.3
2024.05.22 15:03:37 INFO  no build target found for /Users/szymon/Documents/Studia-UWr/Scala/lista8/facebook/src/main/scala/app/DataFetching/DataFetching.scala. Using presentation compiler with project's scala-library version: 3.3.3
2024.05.22 15:03:40 INFO  no build target found for /Users/szymon/Documents/Studia-UWr/Scala/lista8/facebook/src/main/scala/app/DataFetching/DataFetching.scala. Using presentation compiler with project's scala-library version: 3.3.3
2024.05.22 15:04:22 INFO  no build target found for /Users/szymon/Documents/Studia-UWr/Scala/lista8/facebook/src/main/scala/app/DataFetching/DataFetching.scala. Using presentation compiler with project's scala-library version: 3.3.3
2024.05.22 15:04:44 INFO  no build target found for /Users/szymon/Documents/Studia-UWr/Scala/lista8/facebook/src/main/scala/app/DataFetching/DataFetching.scala. Using presentation compiler with project's scala-library version: 3.3.3
2024.05.22 15:05:32 INFO  no build target found for /Users/szymon/Documents/Studia-UWr/Scala/lista8/facebook/build.sbt. Using presentation compiler with project's scala-library version: 3.3.3
2024.05.22 15:05:45 INFO  no build target found for /Users/szymon/Documents/Studia-UWr/Scala/lista8/facebook/build.sbt. Using presentation compiler with project's scala-library version: 3.3.3
2024.05.22 15:05:45 INFO  no build target found for /Users/szymon/Documents/Studia-UWr/Scala/lista8/facebook/build.sbt. Using presentation compiler with project's scala-library version: 3.3.3
2024.05.22 15:05:47 INFO  no build target found for /Users/szymon/Documents/Studia-UWr/Scala/lista8/facebook/build.sbt. Using presentation compiler with project's scala-library version: 3.3.3
2024.05.22 15:05:49 INFO  no build target found for /Users/szymon/Documents/Studia-UWr/Scala/lista8/facebook/build.sbt. Using presentation compiler with project's scala-library version: 3.3.3
2024.05.22 15:05:49 INFO  no build target found for /Users/szymon/Documents/Studia-UWr/Scala/lista8/facebook/build.sbt. Using presentation compiler with project's scala-library version: 3.3.3
2024.05.22 15:05:50 INFO  no build target found for /Users/szymon/Documents/Studia-UWr/Scala/lista8/facebook/build.sbt. Using presentation compiler with project's scala-library version: 3.3.3
2024.05.22 15:05:50 INFO  no build target found for /Users/szymon/Documents/Studia-UWr/Scala/lista8/facebook/build.sbt. Using presentation compiler with project's scala-library version: 3.3.3
2024.05.22 15:05:51 INFO  no build target found for /Users/szymon/Documents/Studia-UWr/Scala/lista8/facebook/build.sbt. Using presentation compiler with project's scala-library version: 3.3.3
2024.05.22 15:05:52 INFO  no build target found for /Users/szymon/Documents/Studia-UWr/Scala/lista8/facebook/build.sbt. Using presentation compiler with project's scala-library version: 3.3.3
2024.05.22 15:05:53 INFO  no build target found for /Users/szymon/Documents/Studia-UWr/Scala/lista8/facebook/build.sbt. Using presentation compiler with project's scala-library version: 3.3.3
2024.05.22 15:05:58 INFO  no build target found for /Users/szymon/Documents/Studia-UWr/Scala/lista8/facebook/build.sbt. Using presentation compiler with project's scala-library version: 3.3.3
2024.05.22 15:05:58 INFO  no build target found for /Users/szymon/Documents/Studia-UWr/Scala/lista8/facebook/build.sbt. Using presentation compiler with project's scala-library version: 3.3.3
2024.05.22 15:05:59 INFO  no build target found for /Users/szymon/Documents/Studia-UWr/Scala/lista8/facebook/build.sbt. Using presentation compiler with project's scala-library version: 3.3.3
2024.05.22 15:05:59 INFO  no build target found for /Users/szymon/Documents/Studia-UWr/Scala/lista8/facebook/build.sbt. Using presentation compiler with project's scala-library version: 3.3.3
2024.05.22 15:06:01 INFO  no build target found for /Users/szymon/Documents/Studia-UWr/Scala/lista8/facebook/build.sbt. Using presentation compiler with project's scala-library version: 3.3.3
2024.05.22 15:06:02 INFO  no build target found for /Users/szymon/Documents/Studia-UWr/Scala/lista8/facebook/build.sbt. Using presentation compiler with project's scala-library version: 3.3.3
2024.05.22 15:06:04 INFO  no build target found for /Users/szymon/Documents/Studia-UWr/Scala/lista8/facebook/build.sbt. Using presentation compiler with project's scala-library version: 3.3.3
2024.05.22 15:06:05 INFO  no build target found for /Users/szymon/Documents/Studia-UWr/Scala/lista8/facebook/build.sbt. Using presentation compiler with project's scala-library version: 3.3.3
2024.05.22 15:06:16 INFO  no build target found for /Users/szymon/Documents/Studia-UWr/Scala/lista8/facebook/build.sbt. Using presentation compiler with project's scala-library version: 3.3.3
2024.05.22 15:06:20 INFO  no build target found for /Users/szymon/Documents/Studia-UWr/Scala/lista8/facebook/build.sbt. Using presentation compiler with project's scala-library version: 3.3.3
2024.05.22 15:06:23 INFO  no build target found for /Users/szymon/Documents/Studia-UWr/Scala/lista8/facebook/build.sbt. Using presentation compiler with project's scala-library version: 3.3.3
2024.05.22 15:06:25 WARN  no build target for: /Users/szymon/Documents/Studia-UWr/Scala/lista8/facebook/build.sbt
2024.05.22 15:06:25 INFO  no build target found for /Users/szymon/Documents/Studia-UWr/Scala/lista8/facebook/build.sbt. Using presentation compiler with project's scala-library version: 3.3.3
2024.05.22 15:06:25 INFO  no build target found for /Users/szymon/Documents/Studia-UWr/Scala/lista8/facebook/build.sbt. Using presentation compiler with project's scala-library version: 3.3.3
2024.05.22 15:06:26 INFO  no build target found for /Users/szymon/Documents/Studia-UWr/Scala/lista8/facebook/build.sbt. Using presentation compiler with project's scala-library version: 3.3.3
2024.05.22 15:06:26 INFO  no build target found for /Users/szymon/Documents/Studia-UWr/Scala/lista8/facebook/build.sbt. Using presentation compiler with project's scala-library version: 3.3.3
2024.05.22 15:08:27 INFO  no build target found for /Users/szymon/Documents/Studia-UWr/Scala/lista8/facebook/build.sbt. Using presentation compiler with project's scala-library version: 3.3.3
2024.05.22 15:08:31 INFO  no build target found for /Users/szymon/Documents/Studia-UWr/Scala/lista8/facebook/build.sbt. Using presentation compiler with project's scala-library version: 3.3.3
2024.05.22 15:09:17 INFO  no build target found for /Users/szymon/Documents/Studia-UWr/Scala/lista8/facebook/src/main/scala/app/DataFetching/DataFetching.scala. Using presentation compiler with project's scala-library version: 3.3.3
2024.05.22 15:09:27 INFO  no build target found for /Users/szymon/Documents/Studia-UWr/Scala/lista8/facebook/src/main/scala/app/DataFetching/DataFetching.scala. Using presentation compiler with project's scala-library version: 3.3.3
2024.05.22 15:09:27 INFO  no build target found for /Users/szymon/Documents/Studia-UWr/Scala/lista8/facebook/src/main/scala/app/DataFetching/DataFetching.scala. Using presentation compiler with project's scala-library version: 3.3.3
2024.05.22 15:09:28 INFO  no build target found for /Users/szymon/Documents/Studia-UWr/Scala/lista8/facebook/src/main/scala/app/DataFetching/DataFetching.scala. Using presentation compiler with project's scala-library version: 3.3.3
2024.05.22 15:09:48 INFO  no build target found for /Users/szymon/Documents/Studia-UWr/Scala/lista8/facebook/src/main/scala/app/DataFetching/DataFetching.scala. Using presentation compiler with project's scala-library version: 3.3.3
2024.05.22 15:09:48 INFO  no build target found for /Users/szymon/Documents/Studia-UWr/Scala/lista8/facebook/src/main/scala/app/DataFetching/DataFetching.scala. Using presentation compiler with project's scala-library version: 3.3.3
2024.05.22 15:09:49 INFO  no build target found for /Users/szymon/Documents/Studia-UWr/Scala/lista8/facebook/src/main/scala/app/DataFetching/DataFetching.scala. Using presentation compiler with project's scala-library version: 3.3.3
2024.05.22 15:09:49 INFO  no build target found for /Users/szymon/Documents/Studia-UWr/Scala/lista8/facebook/src/main/scala/app/DataFetching/DataFetching.scala. Using presentation compiler with project's scala-library version: 3.3.3
2024.05.22 15:09:49 INFO  no build target found for /Users/szymon/Documents/Studia-UWr/Scala/lista8/facebook/src/main/scala/app/DataFetching/DataFetching.scala. Using presentation compiler with project's scala-library version: 3.3.3
2024.05.22 15:09:51 INFO  no build target found for /Users/szymon/Documents/Studia-UWr/Scala/lista8/facebook/src/main/scala/app/DataFetching/DataFetching.scala. Using presentation compiler with project's scala-library version: 3.3.3
2024.05.22 15:10:00 INFO  no build target found for /Users/szymon/Documents/Studia-UWr/Scala/lista8/facebook/src/main/scala/app/DataFetching/DataFetching.scala. Using presentation compiler with project's scala-library version: 3.3.3
2024.05.22 15:10:02 INFO  no build target found for /Users/szymon/Documents/Studia-UWr/Scala/lista8/facebook/src/main/scala/app/DataFetching/DataFetching.scala. Using presentation compiler with project's scala-library version: 3.3.3
2024.05.22 15:10:04 INFO  no build target found for /Users/szymon/Documents/Studia-UWr/Scala/lista8/facebook/src/main/scala/app/DataFetching/DataFetching.scala. Using presentation compiler with project's scala-library version: 3.3.3
2024.05.22 15:10:04 INFO  no build target found for /Users/szymon/Documents/Studia-UWr/Scala/lista8/facebook/src/main/scala/app/DataFetching/DataFetching.scala. Using presentation compiler with project's scala-library version: 3.3.3
2024.05.22 15:10:04 INFO  no build target found for /Users/szymon/Documents/Studia-UWr/Scala/lista8/facebook/src/main/scala/app/DataFetching/DataFetching.scala. Using presentation compiler with project's scala-library version: 3.3.3
2024.05.22 15:10:04 INFO  no build target found for /Users/szymon/Documents/Studia-UWr/Scala/lista8/facebook/src/main/scala/app/DataFetching/DataFetching.scala. Using presentation compiler with project's scala-library version: 3.3.3
2024.05.22 15:10:04 INFO  no build target found for /Users/szymon/Documents/Studia-UWr/Scala/lista8/facebook/src/main/scala/app/DataFetching/DataFetching.scala. Using presentation compiler with project's scala-library version: 3.3.3
2024.05.22 15:10:06 INFO  no build target found for /Users/szymon/Documents/Studia-UWr/Scala/lista8/facebook/src/main/scala/app/DataFetching/DataFetching.scala. Using presentation compiler with project's scala-library version: 3.3.3
2024.05.22 15:10:06 INFO  no build target found for /Users/szymon/Documents/Studia-UWr/Scala/lista8/facebook/src/main/scala/app/DataFetching/DataFetching.scala. Using presentation compiler with project's scala-library version: 3.3.3
2024.05.22 15:10:06 INFO  no build target found for /Users/szymon/Documents/Studia-UWr/Scala/lista8/facebook/src/main/scala/app/DataFetching/DataFetching.scala. Using presentation compiler with project's scala-library version: 3.3.3
2024.05.22 15:10:06 INFO  no build target found for /Users/szymon/Documents/Studia-UWr/Scala/lista8/facebook/src/main/scala/app/DataFetching/DataFetching.scala. Using presentation compiler with project's scala-library version: 3.3.3
2024.05.22 15:10:06 INFO  no build target found for /Users/szymon/Documents/Studia-UWr/Scala/lista8/facebook/src/main/scala/app/DataFetching/DataFetching.scala. Using presentation compiler with project's scala-library version: 3.3.3
2024.05.22 15:10:07 WARN  no build target for: /Users/szymon/Documents/Studia-UWr/Scala/lista8/facebook/src/main/scala/app/DataFetching/DataFetching.scala
2024.05.22 15:10:07 INFO  no build target found for /Users/szymon/Documents/Studia-UWr/Scala/lista8/facebook/src/main/scala/app/DataFetching/DataFetching.scala. Using presentation compiler with project's scala-library version: 3.3.3
2024.05.22 15:18:40 INFO  no build target found for /Users/szymon/Documents/Studia-UWr/Scala/lista8/facebook/src/main/scala/app/DataFetching/DataFetching.scala. Using presentation compiler with project's scala-library version: 3.3.3
2024.05.22 15:18:41 INFO  no build target found for /Users/szymon/Documents/Studia-UWr/Scala/lista8/facebook/src/main/scala/app/DataFetching/DataFetching.scala. Using presentation compiler with project's scala-library version: 3.3.3
2024.05.22 15:18:43 WARN  no build target for: /Users/szymon/Documents/Studia-UWr/Scala/lista8/facebook/src/main/scala/app/DataFetching/DataFetching.scala
2024.05.22 15:18:43 INFO  no build target found for /Users/szymon/Documents/Studia-UWr/Scala/lista8/facebook/src/main/scala/app/DataFetching/DataFetching.scala. Using presentation compiler with project's scala-library version: 3.3.3
2024.05.22 15:18:43 INFO  no build target found for /Users/szymon/Documents/Studia-UWr/Scala/lista8/facebook/src/main/scala/app/DataFetching/DataFetching.scala. Using presentation compiler with project's scala-library version: 3.3.3
2024.05.22 15:40:03 INFO  no build target found for /Users/szymon/Documents/Studia-UWr/Scala/lista8/facebook/src/main/scala/app/DataFetching/DataFetching.scala. Using presentation compiler with project's scala-library version: 3.3.3
2024.05.22 15:40:03 INFO  no build target found for /Users/szymon/Documents/Studia-UWr/Scala/lista8/facebook/src/main/scala/app/DataFetching/DataFetching.scala. Using presentation compiler with project's scala-library version: 3.3.3
2024.05.22 15:40:09 INFO  no build target found for /Users/szymon/Documents/Studia-UWr/Scala/lista8/facebook/src/main/scala/app/DataFetching/DataFetching.scala. Using presentation compiler with project's scala-library version: 3.3.3
2024.05.22 15:40:11 INFO  no build target found for /Users/szymon/Documents/Studia-UWr/Scala/lista8/facebook/src/main/scala/app/DataFetching/DataFetching.scala. Using presentation compiler with project's scala-library version: 3.3.3
May 22, 2024 3:40:11 PM org.eclipse.lsp4j.jsonrpc.RemoteEndpoint handleCancellation
WARNING: Unmatched cancel notification for request id 378
2024.05.22 15:40:12 INFO  no build target found for /Users/szymon/Documents/Studia-UWr/Scala/lista8/facebook/build.sbt. Using presentation compiler with project's scala-library version: 3.3.3
2024.05.22 15:45:31 INFO  no build target found for /Users/szymon/Documents/Studia-UWr/Scala/lista8/facebook/build.sbt. Using presentation compiler with project's scala-library version: 3.3.3
2024.05.22 15:45:33 INFO  no build target found for /Users/szymon/Documents/Studia-UWr/Scala/lista8/facebook/src/main/scala/app/DataFetching/DataFetching.scala. Using presentation compiler with project's scala-library version: 3.3.3
2024.05.22 15:45:33 INFO  no build target found for /Users/szymon/Documents/Studia-UWr/Scala/lista8/facebook/src/main/scala/app/DataFetching/DataFetching.scala. Using presentation compiler with project's scala-library version: 3.3.3
2024.05.22 15:45:35 INFO  no build target found for /Users/szymon/Documents/Studia-UWr/Scala/lista8/facebook/src/main/scala/app/DataFetching/DataFetching.scala. Using presentation compiler with project's scala-library version: 3.3.3
2024.05.22 15:45:35 INFO  no build target found for /Users/szymon/Documents/Studia-UWr/Scala/lista8/facebook/src/main/scala/app/DataFetching/DataFetching.scala. Using presentation compiler with project's scala-library version: 3.3.3
2024.05.22 15:45:36 INFO  no build target found for /Users/szymon/Documents/Studia-UWr/Scala/lista8/facebook/src/main/scala/app/DataFetching/DataFetching.scala. Using presentation compiler with project's scala-library version: 3.3.3
2024.05.22 15:45:36 INFO  no build target found for /Users/szymon/Documents/Studia-UWr/Scala/lista8/facebook/src/main/scala/app/DataFetching/DataFetching.scala. Using presentation compiler with project's scala-library version: 3.3.3
2024.05.22 15:45:36 INFO  no build target found for /Users/szymon/Documents/Studia-UWr/Scala/lista8/facebook/src/main/scala/app/DataFetching/DataFetching.scala. Using presentation compiler with project's scala-library version: 3.3.3
2024.05.22 15:45:36 WARN  no build target for: /Users/szymon/Documents/Studia-UWr/Scala/lista8/facebook/src/main/scala/app/DataFetching/DataFetching.scala
2024.05.22 15:45:36 INFO  no build target found for /Users/szymon/Documents/Studia-UWr/Scala/lista8/facebook/src/main/scala/app/DataFetching/DataFetching.scala. Using presentation compiler with project's scala-library version: 3.3.3
2024.05.22 15:46:03 INFO  no build target found for /Users/szymon/Documents/Studia-UWr/Scala/lista8/facebook/src/main/scala/app/DataFetching/DataFetching.scala. Using presentation compiler with project's scala-library version: 3.3.3
2024.05.22 15:47:48 INFO  no build target found for /Users/szymon/Documents/Studia-UWr/Scala/lista8/facebook/src/main/scala/app/DataFetching/DataFetching.scala. Using presentation compiler with project's scala-library version: 3.3.3
2024.05.22 15:47:58 INFO  no build target found for /Users/szymon/Documents/Studia-UWr/Scala/lista8/facebook/src/main/scala/app/DataFetching/DataFetching.scala. Using presentation compiler with project's scala-library version: 3.3.3
2024.05.22 15:47:58 INFO  no build target found for /Users/szymon/Documents/Studia-UWr/Scala/lista8/facebook/src/main/scala/app/DataFetching/DataFetching.scala. Using presentation compiler with project's scala-library version: 3.3.3
2024.05.22 15:48:02 INFO  no build target found for /Users/szymon/Documents/Studia-UWr/Scala/lista8/facebook/src/main/scala/app/DataFetching/DataFetching.scala. Using presentation compiler with project's scala-library version: 3.3.3
2024.05.22 15:48:02 INFO  no build target found for /Users/szymon/Documents/Studia-UWr/Scala/lista8/facebook/src/main/scala/app/DataFetching/DataFetching.scala. Using presentation compiler with project's scala-library version: 3.3.3
2024.05.22 15:48:02 INFO  no build target found for /Users/szymon/Documents/Studia-UWr/Scala/lista8/facebook/src/main/scala/app/DataFetching/DataFetching.scala. Using presentation compiler with project's scala-library version: 3.3.3
2024.05.22 15:48:02 INFO  no build target found for /Users/szymon/Documents/Studia-UWr/Scala/lista8/facebook/src/main/scala/app/DataFetching/DataFetching.scala. Using presentation compiler with project's scala-library version: 3.3.3
2024.05.22 15:48:04 INFO  no build target found for /Users/szymon/Documents/Studia-UWr/Scala/lista8/facebook/src/main/scala/app/DataFetching/DataFetching.scala. Using presentation compiler with project's scala-library version: 3.3.3
2024.05.22 15:48:04 INFO  no build target found for /Users/szymon/Documents/Studia-UWr/Scala/lista8/facebook/src/main/scala/app/DataFetching/DataFetching.scala. Using presentation compiler with project's scala-library version: 3.3.3
2024.05.22 15:48:33 INFO  no build target found for /Users/szymon/Documents/Studia-UWr/Scala/lista8/facebook/src/main/scala/app/DataFetching/DataFetching.scala. Using presentation compiler with project's scala-library version: 3.3.3
2024.05.22 15:48:33 INFO  no build target found for /Users/szymon/Documents/Studia-UWr/Scala/lista8/facebook/src/main/scala/app/DataFetching/DataFetching.scala. Using presentation compiler with project's scala-library version: 3.3.3
2024.05.22 15:48:35 INFO  no build target found for /Users/szymon/Documents/Studia-UWr/Scala/lista8/facebook/src/main/scala/app/DataFetching/DataFetching.scala. Using presentation compiler with project's scala-library version: 3.3.3
2024.05.22 15:48:37 INFO  no build target found for /Users/szymon/Documents/Studia-UWr/Scala/lista8/facebook/src/main/scala/app/DataFetching/DataFetching.scala. Using presentation compiler with project's scala-library version: 3.3.3
2024.05.22 15:48:39 INFO  no build target found for /Users/szymon/Documents/Studia-UWr/Scala/lista8/facebook/src/main/scala/app/DataFetching/DataFetching.scala. Using presentation compiler with project's scala-library version: 3.3.3
2024.05.22 15:48:39 INFO  no build target found for /Users/szymon/Documents/Studia-UWr/Scala/lista8/facebook/src/main/scala/app/DataFetching/DataFetching.scala. Using presentation compiler with project's scala-library version: 3.3.3
2024.05.22 15:48:39 INFO  no build target found for /Users/szymon/Documents/Studia-UWr/Scala/lista8/facebook/src/main/scala/app/DataFetching/DataFetching.scala. Using presentation compiler with project's scala-library version: 3.3.3
2024.05.22 15:48:39 INFO  no build target found for /Users/szymon/Documents/Studia-UWr/Scala/lista8/facebook/src/main/scala/app/DataFetching/DataFetching.scala. Using presentation compiler with project's scala-library version: 3.3.3
2024.05.22 15:48:58 INFO  no build target found for /Users/szymon/Documents/Studia-UWr/Scala/lista8/facebook/src/main/scala/app/DataFetching/DataFetching.scala. Using presentation compiler with project's scala-library version: 3.3.3
2024.05.22 15:49:13 INFO  no build target found for /Users/szymon/Documents/Studia-UWr/Scala/lista8/facebook/src/main/scala/app/DataFetching/DataFetching.scala. Using presentation compiler with project's scala-library version: 3.3.3
2024.05.22 15:49:14 INFO  no build target found for /Users/szymon/Documents/Studia-UWr/Scala/lista8/facebook/src/main/scala/app/DataFetching/DataFetching.scala. Using presentation compiler with project's scala-library version: 3.3.3
2024.05.22 15:49:15 INFO  no build target found for /Users/szymon/Documents/Studia-UWr/Scala/lista8/facebook/src/main/scala/app/DataFetching/DataFetching.scala. Using presentation compiler with project's scala-library version: 3.3.3
2024.05.22 15:49:15 INFO  no build target found for /Users/szymon/Documents/Studia-UWr/Scala/lista8/facebook/src/main/scala/app/DataFetching/DataFetching.scala. Using presentation compiler with project's scala-library version: 3.3.3
2024.05.22 15:49:16 INFO  no build target found for /Users/szymon/Documents/Studia-UWr/Scala/lista8/facebook/src/main/scala/app/DataFetching/DataFetching.scala. Using presentation compiler with project's scala-library version: 3.3.3
2024.05.22 15:49:18 INFO  no build target found for /Users/szymon/Documents/Studia-UWr/Scala/lista8/facebook/src/main/scala/app/DataFetching/DataFetching.scala. Using presentation compiler with project's scala-library version: 3.3.3
2024.05.22 15:49:18 INFO  no build target found for /Users/szymon/Documents/Studia-UWr/Scala/lista8/facebook/src/main/scala/app/DataFetching/DataFetching.scala. Using presentation compiler with project's scala-library version: 3.3.3
2024.05.22 15:49:19 INFO  no build target found for /Users/szymon/Documents/Studia-UWr/Scala/lista8/facebook/src/main/scala/app/DataFetching/DataFetching.scala. Using presentation compiler with project's scala-library version: 3.3.3
2024.05.22 15:49:23 INFO  no build target found for /Users/szymon/Documents/Studia-UWr/Scala/lista8/facebook/src/main/scala/app/DataFetching/DataFetching.scala. Using presentation compiler with project's scala-library version: 3.3.3
2024.05.22 15:49:24 INFO  no build target found for /Users/szymon/Documents/Studia-UWr/Scala/lista8/facebook/src/main/scala/app/DataFetching/DataFetching.scala. Using presentation compiler with project's scala-library version: 3.3.3
2024.05.22 15:49:25 INFO  no build target found for /Users/szymon/Documents/Studia-UWr/Scala/lista8/facebook/src/main/scala/app/DataFetching/DataFetching.scala. Using presentation compiler with project's scala-library version: 3.3.3
2024.05.22 15:49:26 INFO  no build target found for /Users/szymon/Documents/Studia-UWr/Scala/lista8/facebook/src/main/scala/app/DataFetching/DataFetching.scala. Using presentation compiler with project's scala-library version: 3.3.3
2024.05.22 15:49:27 INFO  no build target found for /Users/szymon/Documents/Studia-UWr/Scala/lista8/facebook/src/main/scala/app/DataFetching/DataFetching.scala. Using presentation compiler with project's scala-library version: 3.3.3
2024.05.22 15:49:27 INFO  no build target found for /Users/szymon/Documents/Studia-UWr/Scala/lista8/facebook/src/main/scala/app/DataFetching/DataFetching.scala. Using presentation compiler with project's scala-library version: 3.3.3
2024.05.22 15:49:28 INFO  no build target found for /Users/szymon/Documents/Studia-UWr/Scala/lista8/facebook/src/main/scala/app/DataFetching/DataFetching.scala. Using presentation compiler with project's scala-library version: 3.3.3
2024.05.22 15:49:35 INFO  no build target found for /Users/szymon/Documents/Studia-UWr/Scala/lista8/facebook/src/main/scala/app/DataFetching/DataFetching.scala. Using presentation compiler with project's scala-library version: 3.3.3
2024.05.22 15:49:35 INFO  no build target found for /Users/szymon/Documents/Studia-UWr/Scala/lista8/facebook/src/main/scala/app/DataFetching/DataFetching.scala. Using presentation compiler with project's scala-library version: 3.3.3
2024.05.22 15:49:35 INFO  no build target found for /Users/szymon/Documents/Studia-UWr/Scala/lista8/facebook/src/main/scala/app/DataFetching/DataFetching.scala. Using presentation compiler with project's scala-library version: 3.3.3
2024.05.22 15:49:35 INFO  no build target found for /Users/szymon/Documents/Studia-UWr/Scala/lista8/facebook/src/main/scala/app/DataFetching/DataFetching.scala. Using presentation compiler with project's scala-library version: 3.3.3
2024.05.22 15:49:44 INFO  no build target found for /Users/szymon/Documents/Studia-UWr/Scala/lista8/facebook/src/main/scala/app/DataFetching/DataFetching.scala. Using presentation compiler with project's scala-library version: 3.3.3
2024.05.22 15:49:52 INFO  no build target found for /Users/szymon/Documents/Studia-UWr/Scala/lista8/facebook/src/main/scala/app/DataFetching/DataFetching.scala. Using presentation compiler with project's scala-library version: 3.3.3
2024.05.22 15:49:58 INFO  no build target found for /Users/szymon/Documents/Studia-UWr/Scala/lista8/facebook/src/main/scala/app/DataFetching/DataFetching.scala. Using presentation compiler with project's scala-library version: 3.3.3
2024.05.22 15:50:03 INFO  no build target found for /Users/szymon/Documents/Studia-UWr/Scala/lista8/facebook/src/main/scala/app/DataFetching/DataFetching.scala. Using presentation compiler with project's scala-library version: 3.3.3
2024.05.22 15:50:03 INFO  no build target found for /Users/szymon/Documents/Studia-UWr/Scala/lista8/facebook/src/main/scala/app/DataFetching/DataFetching.scala. Using presentation compiler with project's scala-library version: 3.3.3
2024.05.22 15:50:04 INFO  no build target found for /Users/szymon/Documents/Studia-UWr/Scala/lista8/facebook/src/main/scala/app/DataFetching/DataFetching.scala. Using presentation compiler with project's scala-library version: 3.3.3
2024.05.22 15:50:06 INFO  no build target found for /Users/szymon/Documents/Studia-UWr/Scala/lista8/facebook/src/main/scala/app/DataFetching/DataFetching.scala. Using presentation compiler with project's scala-library version: 3.3.3
2024.05.22 15:50:07 INFO  no build target found for /Users/szymon/Documents/Studia-UWr/Scala/lista8/facebook/src/main/scala/app/DataFetching/DataFetching.scala. Using presentation compiler with project's scala-library version: 3.3.3
2024.05.22 15:50:07 INFO  no build target found for /Users/szymon/Documents/Studia-UWr/Scala/lista8/facebook/src/main/scala/app/DataFetching/DataFetching.scala. Using presentation compiler with project's scala-library version: 3.3.3
2024.05.22 15:50:08 INFO  no build target found for /Users/szymon/Documents/Studia-UWr/Scala/lista8/facebook/src/main/scala/app/DataFetching/DataFetching.scala. Using presentation compiler with project's scala-library version: 3.3.3
2024.05.22 15:50:09 INFO  no build target found for /Users/szymon/Documents/Studia-UWr/Scala/lista8/facebook/src/main/scala/app/DataFetching/DataFetching.scala. Using presentation compiler with project's scala-library version: 3.3.3
2024.05.22 15:50:11 INFO  no build target found for /Users/szymon/Documents/Studia-UWr/Scala/lista8/facebook/src/main/scala/app/DataFetching/DataFetching.scala. Using presentation compiler with project's scala-library version: 3.3.3
2024.05.22 15:50:12 INFO  no build target found for /Users/szymon/Documents/Studia-UWr/Scala/lista8/facebook/src/main/scala/app/DataFetching/DataFetching.scala. Using presentation compiler with project's scala-library version: 3.3.3
2024.05.22 15:50:13 INFO  no build target found for /Users/szymon/Documents/Studia-UWr/Scala/lista8/facebook/src/main/scala/app/DataFetching/DataFetching.scala. Using presentation compiler with project's scala-library version: 3.3.3
2024.05.22 15:50:13 INFO  no build target found for /Users/szymon/Documents/Studia-UWr/Scala/lista8/facebook/src/main/scala/app/DataFetching/DataFetching.scala. Using presentation compiler with project's scala-library version: 3.3.3
2024.05.22 15:50:13 INFO  no build target found for /Users/szymon/Documents/Studia-UWr/Scala/lista8/facebook/src/main/scala/app/DataFetching/DataFetching.scala. Using presentation compiler with project's scala-library version: 3.3.3
2024.05.22 15:50:15 INFO  no build target found for /Users/szymon/Documents/Studia-UWr/Scala/lista8/facebook/src/main/scala/app/DataFetching/DataFetching.scala. Using presentation compiler with project's scala-library version: 3.3.3
2024.05.22 15:50:15 INFO  no build target found for /Users/szymon/Documents/Studia-UWr/Scala/lista8/facebook/src/main/scala/app/DataFetching/DataFetching.scala. Using presentation compiler with project's scala-library version: 3.3.3
2024.05.22 15:50:15 INFO  no build target found for /Users/szymon/Documents/Studia-UWr/Scala/lista8/facebook/src/main/scala/app/DataFetching/DataFetching.scala. Using presentation compiler with project's scala-library version: 3.3.3
2024.05.22 15:50:17 INFO  no build target found for /Users/szymon/Documents/Studia-UWr/Scala/lista8/facebook/src/main/scala/app/DataFetching/DataFetching.scala. Using presentation compiler with project's scala-library version: 3.3.3
2024.05.22 15:50:17 INFO  no build target found for /Users/szymon/Documents/Studia-UWr/Scala/lista8/facebook/src/main/scala/app/DataFetching/DataFetching.scala. Using presentation compiler with project's scala-library version: 3.3.3
2024.05.22 15:50:19 INFO  no build target found for /Users/szymon/Documents/Studia-UWr/Scala/lista8/facebook/src/main/scala/app/DataFetching/DataFetching.scala. Using presentation compiler with project's scala-library version: 3.3.3
2024.05.22 15:50:19 INFO  no build target found for /Users/szymon/Documents/Studia-UWr/Scala/lista8/facebook/src/main/scala/app/DataFetching/DataFetching.scala. Using presentation compiler with project's scala-library version: 3.3.3
