2024.06.12 17:38:28 INFO  Started: Metals version 1.3.1 in folders '/Users/szymon/Documents/Studia-UWr/Scala/lista10/system_zapisow' for client Visual Studio Code 1.90.0.
SLF4J(W): Class path contains multiple SLF4J providers.
SLF4J(W): Found provider [scribe.slf4j.ScribeServiceProvider@64deb148]
SLF4J(W): Found provider [ch.qos.logback.classic.spi.LogbackServiceProvider@7f1f29ea]
SLF4J(W): See https://www.slf4j.org/codes.html#multiple_bindings for an explanation.
SLF4J(I): Actual provider is of type [scribe.slf4j.ScribeServiceProvider@64deb148]
2024.06.12 17:38:28 WARN  Flyway upgrade recommended: H2 2.2.224 is newer than this version of Flyway and support has not been tested. The latest supported version of H2 is 2.2.220.
2024.06.12 17:38:29 INFO  no build target found for /Users/szymon/Documents/Studia-UWr/Scala/lista10/system_zapisow/app/database/DummyBase.scala. Using presentation compiler with project's scala-library version: 3.3.3
2024.06.12 17:38:31 INFO  no build target found for /Users/szymon/Documents/Studia-UWr/Scala/lista10/system_zapisow/app/database/DummyBase.scala. Using presentation compiler with project's scala-library version: 3.3.3
2024.06.12 17:38:33 INFO  restarted 1 presentation compiler
2024.06.12 17:38:34 INFO  no build target found for /Users/szymon/Documents/Studia-UWr/Scala/lista10/system_zapisow/app/database/DummyBase.scala. Using presentation compiler with project's scala-library version: 3.3.3
2024.06.12 17:40:37 INFO  no build target found for /Users/szymon/Documents/Studia-UWr/Scala/lista10/system_zapisow/app/database/DummyBase.scala. Using presentation compiler with project's scala-library version: 3.3.3
2024.06.12 17:40:40 INFO  no build target found for /Users/szymon/Documents/Studia-UWr/Scala/lista10/system_zapisow/app/database/DummyBase.scala. Using presentation compiler with project's scala-library version: 3.3.3
2024.06.12 17:40:46 INFO  no build target found for /Users/szymon/Documents/Studia-UWr/Scala/lista10/system_zapisow/app/database/DummyBase.scala. Using presentation compiler with project's scala-library version: 3.3.3
2024.06.12 17:40:46 INFO  no build target found for /Users/szymon/Documents/Studia-UWr/Scala/lista10/system_zapisow/app/database/DummyBase.scala. Using presentation compiler with project's scala-library version: 3.3.3
2024.06.12 17:40:50 INFO  no build target found for /Users/szymon/Documents/Studia-UWr/Scala/lista10/system_zapisow/app/database/DummyBase.scala. Using presentation compiler with project's scala-library version: 3.3.3
2024.06.12 17:40:52 INFO  no build target found for /Users/szymon/Documents/Studia-UWr/Scala/lista10/system_zapisow/app/database/DummyBase.scala. Using presentation compiler with project's scala-library version: 3.3.3
2024.06.12 17:41:53 INFO  no build target found for /Users/szymon/Documents/Studia-UWr/Scala/lista10/system_zapisow/app/controllers/HomeController.scala. Using presentation compiler with project's scala-library version: 3.3.3
2024.06.12 17:41:54 INFO  no build target found for /Users/szymon/Documents/Studia-UWr/Scala/lista10/system_zapisow/app/controllers/HomeController.scala. Using presentation compiler with project's scala-library version: 3.3.3
2024.06.12 17:41:56 INFO  no build target found for /Users/szymon/Documents/Studia-UWr/Scala/lista10/system_zapisow/app/controllers/HomeController.scala. Using presentation compiler with project's scala-library version: 3.3.3
2024.06.12 17:41:57 INFO  no build target found for /Users/szymon/Documents/Studia-UWr/Scala/lista10/system_zapisow/app/controllers/LectureController.scala. Using presentation compiler with project's scala-library version: 3.3.3
2024.06.12 17:42:56 INFO  no build target found for /Users/szymon/Documents/Studia-UWr/Scala/lista10/system_zapisow/app/controllers/LectureController.scala. Using presentation compiler with project's scala-library version: 3.3.3
2024.06.12 17:42:58 INFO  no build target found for /Users/szymon/Documents/Studia-UWr/Scala/lista10/system_zapisow/app/controllers/LectureController.scala. Using presentation compiler with project's scala-library version: 3.3.3
2024.06.12 17:42:58 INFO  no build target found for /Users/szymon/Documents/Studia-UWr/Scala/lista10/system_zapisow/app/controllers/LecturesController.scala. Using presentation compiler with project's scala-library version: 3.3.3
2024.06.12 17:43:02 INFO  no build target found for /Users/szymon/Documents/Studia-UWr/Scala/lista10/system_zapisow/app/controllers/LecturesController.scala. Using presentation compiler with project's scala-library version: 3.3.3
2024.06.12 17:43:19 INFO  no build target found for /Users/szymon/Documents/Studia-UWr/Scala/lista10/system_zapisow/app/controllers/LectureController.scala. Using presentation compiler with project's scala-library version: 3.3.3
2024.06.12 17:43:48 INFO  no build target found for /Users/szymon/Documents/Studia-UWr/Scala/lista10/system_zapisow/app/controllers/LectureController.scala. Using presentation compiler with project's scala-library version: 3.3.3
2024.06.12 17:43:49 INFO  no build target found for /Users/szymon/Documents/Studia-UWr/Scala/lista10/system_zapisow/app/controllers/StudentContorller.scala. Using presentation compiler with project's scala-library version: 3.3.3
2024.06.12 17:44:39 INFO  no build target found for /Users/szymon/Documents/Studia-UWr/Scala/lista10/system_zapisow/app/controllers/StudentContorller.scala. Using presentation compiler with project's scala-library version: 3.3.3
2024.06.12 17:44:39 INFO  no build target found for /Users/szymon/Documents/Studia-UWr/Scala/lista10/system_zapisow/app/controllers/StudentContorller.scala. Using presentation compiler with project's scala-library version: 3.3.3
2024.06.12 17:44:39 INFO  no build target found for /Users/szymon/Documents/Studia-UWr/Scala/lista10/system_zapisow/app/controllers/StudentContorller.scala. Using presentation compiler with project's scala-library version: 3.3.3
2024.06.12 17:44:39 INFO  no build target found for /Users/szymon/Documents/Studia-UWr/Scala/lista10/system_zapisow/app/controllers/StudentContorller.scala. Using presentation compiler with project's scala-library version: 3.3.3
2024.06.12 17:44:40 INFO  no build target found for /Users/szymon/Documents/Studia-UWr/Scala/lista10/system_zapisow/app/controllers/StudentContorller.scala. Using presentation compiler with project's scala-library version: 3.3.3
2024.06.12 17:44:47 INFO  no build target found for /Users/szymon/Documents/Studia-UWr/Scala/lista10/system_zapisow/app/controllers/StudentContorller.scala. Using presentation compiler with project's scala-library version: 3.3.3
2024.06.12 17:44:53 INFO  no build target found for /Users/szymon/Documents/Studia-UWr/Scala/lista10/system_zapisow/app/controllers/StudentContorller.scala. Using presentation compiler with project's scala-library version: 3.3.3
2024.06.12 17:44:53 INFO  no build target found for /Users/szymon/Documents/Studia-UWr/Scala/lista10/system_zapisow/build.sbt. Using presentation compiler with project's scala-library version: 3.3.3
2024.06.12 17:45:37 INFO  no build target found for /Users/szymon/Documents/Studia-UWr/Scala/lista10/system_zapisow/project/dependencies.scala. Using presentation compiler with project's scala-library version: 3.3.3
2024.06.12 17:45:37 WARN  Could not find semantic tokens for: file:///Users/szymon/Documents/Studia-UWr/Scala/lista10/system_zapisow/project/dependencies.scala
2024.06.12 17:45:40 INFO  no build target found for /Users/szymon/Documents/Studia-UWr/Scala/lista10/system_zapisow/project/dependencies.scala. Using presentation compiler with project's scala-library version: 3.3.3
2024.06.12 17:45:40 INFO  no build target found for /Users/szymon/Documents/Studia-UWr/Scala/lista10/system_zapisow/project/dependencies.scala. Using presentation compiler with project's scala-library version: 3.3.3
2024.06.12 17:45:40 WARN  Could not find semantic tokens for: file:///Users/szymon/Documents/Studia-UWr/Scala/lista10/system_zapisow/project/dependencies.scala
Jun 12, 2024 5:45:40 PM org.eclipse.lsp4j.jsonrpc.RemoteEndpoint handleCancellation
WARNING: Unmatched cancel notification for request id 95
2024.06.12 17:45:40 INFO  no build target found for /Users/szymon/Documents/Studia-UWr/Scala/lista10/system_zapisow/project/dependencies.scala. Using presentation compiler with project's scala-library version: 3.3.3
2024.06.12 17:45:40 WARN  Could not find semantic tokens for: file:///Users/szymon/Documents/Studia-UWr/Scala/lista10/system_zapisow/project/dependencies.scala
2024.06.12 17:45:40 INFO  no build target found for /Users/szymon/Documents/Studia-UWr/Scala/lista10/system_zapisow/project/dependencies.scala. Using presentation compiler with project's scala-library version: 3.3.3
2024.06.12 17:45:40 WARN  Could not find semantic tokens for: file:///Users/szymon/Documents/Studia-UWr/Scala/lista10/system_zapisow/project/dependencies.scala
2024.06.12 17:45:41 INFO  no build target found for /Users/szymon/Documents/Studia-UWr/Scala/lista10/system_zapisow/project/dependencies.scala. Using presentation compiler with project's scala-library version: 3.3.3
2024.06.12 17:45:41 WARN  Could not find semantic tokens for: file:///Users/szymon/Documents/Studia-UWr/Scala/lista10/system_zapisow/project/dependencies.scala
2024.06.12 17:45:48 INFO  no build target found for /Users/szymon/Documents/Studia-UWr/Scala/lista10/system_zapisow/project/dependencies.scala. Using presentation compiler with project's scala-library version: 3.3.3
2024.06.12 17:45:48 INFO  no build target found for /Users/szymon/Documents/Studia-UWr/Scala/lista10/system_zapisow/project/dependencies.scala. Using presentation compiler with project's scala-library version: 3.3.3
2024.06.12 17:45:48 INFO  no build target found for /Users/szymon/Documents/Studia-UWr/Scala/lista10/system_zapisow/project/dependencies.scala. Using presentation compiler with project's scala-library version: 3.3.3
2024.06.12 17:45:51 INFO  no build target found for /Users/szymon/Documents/Studia-UWr/Scala/lista10/system_zapisow/project/dependencies.scala. Using presentation compiler with project's scala-library version: 3.3.3
2024.06.12 17:45:53 INFO  no build target found for /Users/szymon/Documents/Studia-UWr/Scala/lista10/system_zapisow/project/dependencies.scala. Using presentation compiler with project's scala-library version: 3.3.3
2024.06.12 17:45:55 INFO  no build target found for /Users/szymon/Documents/Studia-UWr/Scala/lista10/system_zapisow/project/dependencies.scala. Using presentation compiler with project's scala-library version: 3.3.3
2024.06.12 17:45:55 INFO  no build target found for /Users/szymon/Documents/Studia-UWr/Scala/lista10/system_zapisow/project/dependencies.scala. Using presentation compiler with project's scala-library version: 3.3.3
2024.06.12 17:45:55 INFO  no build target found for /Users/szymon/Documents/Studia-UWr/Scala/lista10/system_zapisow/project/dependencies.scala. Using presentation compiler with project's scala-library version: 3.3.3
2024.06.12 17:45:55 INFO  no build target found for /Users/szymon/Documents/Studia-UWr/Scala/lista10/system_zapisow/project/dependencies.scala. Using presentation compiler with project's scala-library version: 3.3.3
2024.06.12 17:45:58 INFO  no build target found for /Users/szymon/Documents/Studia-UWr/Scala/lista10/system_zapisow/project/dependencies.scala. Using presentation compiler with project's scala-library version: 3.3.3
2024.06.12 17:45:59 INFO  no build target found for /Users/szymon/Documents/Studia-UWr/Scala/lista10/system_zapisow/project/dependencies.scala. Using presentation compiler with project's scala-library version: 3.3.3
2024.06.12 17:45:59 INFO  no build target found for /Users/szymon/Documents/Studia-UWr/Scala/lista10/system_zapisow/project/dependencies.scala. Using presentation compiler with project's scala-library version: 3.3.3
2024.06.12 17:46:00 INFO  no build target found for /Users/szymon/Documents/Studia-UWr/Scala/lista10/system_zapisow/project/dependencies.scala. Using presentation compiler with project's scala-library version: 3.3.3
Jun 12, 2024 5:46:00 PM org.eclipse.lsp4j.jsonrpc.RemoteEndpoint handleCancellation
WARNING: Unmatched cancel notification for request id 182
2024.06.12 17:46:00 INFO  no build target found for /Users/szymon/Documents/Studia-UWr/Scala/lista10/system_zapisow/project/dependencies.scala. Using presentation compiler with project's scala-library version: 3.3.3
2024.06.12 17:46:02 INFO  no build target found for /Users/szymon/Documents/Studia-UWr/Scala/lista10/system_zapisow/project/dependencies.scala. Using presentation compiler with project's scala-library version: 3.3.3
2024.06.12 17:46:04 INFO  no build target found for /Users/szymon/Documents/Studia-UWr/Scala/lista10/system_zapisow/build.sbt. Using presentation compiler with project's scala-library version: 3.3.3
2024.06.12 17:46:04 INFO  no build target found for /Users/szymon/Documents/Studia-UWr/Scala/lista10/system_zapisow/build.sbt. Using presentation compiler with project's scala-library version: 3.3.3
2024.06.12 17:46:06 INFO  no build target found for /Users/szymon/Documents/Studia-UWr/Scala/lista10/system_zapisow/build.sbt. Using presentation compiler with project's scala-library version: 3.3.3
2024.06.12 17:46:06 INFO  no build target found for /Users/szymon/Documents/Studia-UWr/Scala/lista10/system_zapisow/build.sbt. Using presentation compiler with project's scala-library version: 3.3.3
2024.06.12 17:46:09 INFO  no build target found for /Users/szymon/Documents/Studia-UWr/Scala/lista10/system_zapisow/project/dependencies.scala. Using presentation compiler with project's scala-library version: 3.3.3
2024.06.12 17:46:10 INFO  no build target found for /Users/szymon/Documents/Studia-UWr/Scala/lista10/system_zapisow/project/dependencies.scala. Using presentation compiler with project's scala-library version: 3.3.3
2024.06.12 17:46:12 INFO  no build target found for /Users/szymon/Documents/Studia-UWr/Scala/lista10/system_zapisow/project/dependencies.scala. Using presentation compiler with project's scala-library version: 3.3.3
2024.06.12 17:46:12 WARN  no build target for: /Users/szymon/Documents/Studia-UWr/Scala/lista10/system_zapisow/project/dependencies.scala
2024.06.12 17:46:12 INFO  no build target found for /Users/szymon/Documents/Studia-UWr/Scala/lista10/system_zapisow/project/dependencies.scala. Using presentation compiler with project's scala-library version: 3.3.3
2024.06.12 17:46:13 INFO  no build target found for /Users/szymon/Documents/Studia-UWr/Scala/lista10/system_zapisow/build.sbt. Using presentation compiler with project's scala-library version: 3.3.3
2024.06.12 17:46:14 INFO  no build target found for /Users/szymon/Documents/Studia-UWr/Scala/lista10/system_zapisow/build.sbt. Using presentation compiler with project's scala-library version: 3.3.3
2024.06.12 17:46:14 INFO  no build target found for /Users/szymon/Documents/Studia-UWr/Scala/lista10/system_zapisow/build.sbt. Using presentation compiler with project's scala-library version: 3.3.3
2024.06.12 17:46:15 INFO  no build target found for /Users/szymon/Documents/Studia-UWr/Scala/lista10/system_zapisow/build.sbt. Using presentation compiler with project's scala-library version: 3.3.3
2024.06.12 17:46:14 INFO  no build target found for /Users/szymon/Documents/Studia-UWr/Scala/lista10/system_zapisow/build.sbt. Using presentation compiler with project's scala-library version: 3.3.3
2024.06.12 17:46:15 INFO  no build target found for /Users/szymon/Documents/Studia-UWr/Scala/lista10/system_zapisow/build.sbt. Using presentation compiler with project's scala-library version: 3.3.3
2024.06.12 17:46:16 INFO  no build target found for /Users/szymon/Documents/Studia-UWr/Scala/lista10/system_zapisow/build.sbt. Using presentation compiler with project's scala-library version: 3.3.3
2024.06.12 17:46:17 WARN  no build target for: /Users/szymon/Documents/Studia-UWr/Scala/lista10/system_zapisow/build.sbt
2024.06.12 17:46:17 INFO  no build target found for /Users/szymon/Documents/Studia-UWr/Scala/lista10/system_zapisow/build.sbt. Using presentation compiler with project's scala-library version: 3.3.3
2024.06.12 17:46:17 INFO  no build target found for /Users/szymon/Documents/Studia-UWr/Scala/lista10/system_zapisow/build.sbt. Using presentation compiler with project's scala-library version: 3.3.3
2024.06.12 17:46:18 INFO  no build target found for /Users/szymon/Documents/Studia-UWr/Scala/lista10/system_zapisow/build.sbt. Using presentation compiler with project's scala-library version: 3.3.3
2024.06.12 17:47:04 INFO  no build target found for /Users/szymon/Documents/Studia-UWr/Scala/lista10/system_zapisow/build.sbt. Using presentation compiler with project's scala-library version: 3.3.3
2024.06.12 17:47:07 INFO  no build target found for /Users/szymon/Documents/Studia-UWr/Scala/lista10/system_zapisow/build.sbt. Using presentation compiler with project's scala-library version: 3.3.3
2024.06.12 17:47:08 INFO  no build target found for /Users/szymon/Documents/Studia-UWr/Scala/lista10/system_zapisow/build.sbt. Using presentation compiler with project's scala-library version: 3.3.3
2024.06.12 17:47:10 INFO  no build target found for /Users/szymon/Documents/Studia-UWr/Scala/lista10/system_zapisow/build.sbt. Using presentation compiler with project's scala-library version: 3.3.3
2024.06.12 17:47:11 INFO  no build target found for /Users/szymon/Documents/Studia-UWr/Scala/lista10/system_zapisow/build.sbt. Using presentation compiler with project's scala-library version: 3.3.3
2024.06.12 17:47:14 INFO  no build target found for /Users/szymon/Documents/Studia-UWr/Scala/lista10/system_zapisow/build.sbt. Using presentation compiler with project's scala-library version: 3.3.3
2024.06.12 17:47:14 INFO  no build target found for /Users/szymon/Documents/Studia-UWr/Scala/lista10/system_zapisow/build.sbt. Using presentation compiler with project's scala-library version: 3.3.3
2024.06.12 17:47:14 INFO  no build target found for /Users/szymon/Documents/Studia-UWr/Scala/lista10/system_zapisow/build.sbt. Using presentation compiler with project's scala-library version: 3.3.3
2024.06.12 17:47:17 INFO  no build target found for /Users/szymon/Documents/Studia-UWr/Scala/lista10/system_zapisow/build.sbt. Using presentation compiler with project's scala-library version: 3.3.3
2024.06.12 17:47:17 INFO  no build target found for /Users/szymon/Documents/Studia-UWr/Scala/lista10/system_zapisow/build.sbt. Using presentation compiler with project's scala-library version: 3.3.3
2024.06.12 17:47:22 INFO  no build target found for /Users/szymon/Documents/Studia-UWr/Scala/lista10/system_zapisow/build.sbt. Using presentation compiler with project's scala-library version: 3.3.3
2024.06.12 17:47:35 INFO  no build target found for /Users/szymon/Documents/Studia-UWr/Scala/lista10/system_zapisow/build.sbt. Using presentation compiler with project's scala-library version: 3.3.3
2024.06.12 17:47:41 INFO  no build target found for /Users/szymon/Documents/Studia-UWr/Scala/lista10/system_zapisow/build.sbt. Using presentation compiler with project's scala-library version: 3.3.3
2024.06.12 17:47:41 INFO  no build target found for /Users/szymon/Documents/Studia-UWr/Scala/lista10/system_zapisow/build.sbt. Using presentation compiler with project's scala-library version: 3.3.3
2024.06.12 17:47:41 INFO  no build target found for /Users/szymon/Documents/Studia-UWr/Scala/lista10/system_zapisow/build.sbt. Using presentation compiler with project's scala-library version: 3.3.3
2024.06.12 17:47:50 INFO  no build target found for /Users/szymon/Documents/Studia-UWr/Scala/lista10/system_zapisow/build.sbt. Using presentation compiler with project's scala-library version: 3.3.3
2024.06.12 17:47:51 INFO  no build target found for /Users/szymon/Documents/Studia-UWr/Scala/lista10/system_zapisow/build.sbt. Using presentation compiler with project's scala-library version: 3.3.3
2024.06.12 17:47:51 INFO  no build target found for /Users/szymon/Documents/Studia-UWr/Scala/lista10/system_zapisow/build.sbt. Using presentation compiler with project's scala-library version: 3.3.3
2024.06.12 17:47:51 INFO  no build target found for /Users/szymon/Documents/Studia-UWr/Scala/lista10/system_zapisow/build.sbt. Using presentation compiler with project's scala-library version: 3.3.3
2024.06.12 17:47:52 INFO  no build target found for /Users/szymon/Documents/Studia-UWr/Scala/lista10/system_zapisow/build.sbt. Using presentation compiler with project's scala-library version: 3.3.3
2024.06.12 17:47:57 INFO  no build target found for /Users/szymon/Documents/Studia-UWr/Scala/lista10/system_zapisow/project/dependencies.scala. Using presentation compiler with project's scala-library version: 3.3.3
2024.06.12 17:47:57 INFO  no build target found for /Users/szymon/Documents/Studia-UWr/Scala/lista10/system_zapisow/project/dependencies.scala. Using presentation compiler with project's scala-library version: 3.3.3
2024.06.12 17:47:57 INFO  no build target found for /Users/szymon/Documents/Studia-UWr/Scala/lista10/system_zapisow/project/dependencies.scala. Using presentation compiler with project's scala-library version: 3.3.3
2024.06.12 17:47:58 WARN  no build target for: /Users/szymon/Documents/Studia-UWr/Scala/lista10/system_zapisow/project/dependencies.scala
2024.06.12 17:47:58 INFO  no build target found for /Users/szymon/Documents/Studia-UWr/Scala/lista10/system_zapisow/project/dependencies.scala. Using presentation compiler with project's scala-library version: 3.3.3
2024.06.12 17:47:59 INFO  no build target found for /Users/szymon/Documents/Studia-UWr/Scala/lista10/system_zapisow/project/dependencies.scala. Using presentation compiler with project's scala-library version: 3.3.3
Jun 12, 2024 5:47:59 PM org.eclipse.lsp4j.jsonrpc.RemoteEndpoint handleCancellation
WARNING: Unmatched cancel notification for request id 321
2024.06.12 17:47:59 INFO  no build target found for /Users/szymon/Documents/Studia-UWr/Scala/lista10/system_zapisow/build.sbt. Using presentation compiler with project's scala-library version: 3.3.3
2024.06.12 17:47:59 INFO  no build target found for /Users/szymon/Documents/Studia-UWr/Scala/lista10/system_zapisow/build.sbt. Using presentation compiler with project's scala-library version: 3.3.3
2024.06.12 17:47:59 INFO  no build target found for /Users/szymon/Documents/Studia-UWr/Scala/lista10/system_zapisow/build.sbt. Using presentation compiler with project's scala-library version: 3.3.3
2024.06.12 17:47:59 INFO  no build target found for /Users/szymon/Documents/Studia-UWr/Scala/lista10/system_zapisow/build.sbt. Using presentation compiler with project's scala-library version: 3.3.3
2024.06.12 17:48:00 INFO  no build target found for /Users/szymon/Documents/Studia-UWr/Scala/lista10/system_zapisow/build.sbt. Using presentation compiler with project's scala-library version: 3.3.3
2024.06.12 17:48:01 INFO  no build target found for /Users/szymon/Documents/Studia-UWr/Scala/lista10/system_zapisow/build.sbt. Using presentation compiler with project's scala-library version: 3.3.3
2024.06.12 17:48:01 INFO  no build target found for /Users/szymon/Documents/Studia-UWr/Scala/lista10/system_zapisow/build.sbt. Using presentation compiler with project's scala-library version: 3.3.3
2024.06.12 17:48:01 INFO  no build target found for /Users/szymon/Documents/Studia-UWr/Scala/lista10/system_zapisow/build.sbt. Using presentation compiler with project's scala-library version: 3.3.3
2024.06.12 17:48:02 INFO  no build target found for /Users/szymon/Documents/Studia-UWr/Scala/lista10/system_zapisow/build.sbt. Using presentation compiler with project's scala-library version: 3.3.3
2024.06.12 17:48:04 INFO  no build target found for /Users/szymon/Documents/Studia-UWr/Scala/lista10/system_zapisow/build.sbt. Using presentation compiler with project's scala-library version: 3.3.3
2024.06.12 17:48:04 WARN  no build target for: /Users/szymon/Documents/Studia-UWr/Scala/lista10/system_zapisow/build.sbt
2024.06.12 17:48:04 INFO  no build target found for /Users/szymon/Documents/Studia-UWr/Scala/lista10/system_zapisow/build.sbt. Using presentation compiler with project's scala-library version: 3.3.3
2024.06.12 20:19:44 INFO  Shutting down server
2024.06.12 20:19:44 INFO  shutting down Metals
2024.06.12 20:19:44 INFO  Exiting server
