2024.06.05 17:47:01 INFO  Started: Metals version 1.3.1 in folders '/Users/szymon/Documents/Studia-UWr/Scala/lista1' for client Visual Studio Code 1.89.0.
SLF4J(W): Class path contains multiple SLF4J providers.
SLF4J(W): Found provider [scribe.slf4j.ScribeServiceProvider@7d51c4ed]
SLF4J(W): Found provider [ch.qos.logback.classic.spi.LogbackServiceProvider@3131801f]
SLF4J(W): See https://www.slf4j.org/codes.html#multiple_bindings for an explanation.
SLF4J(I): Actual provider is of type [scribe.slf4j.ScribeServiceProvider@7d51c4ed]
2024.06.05 17:47:01 WARN  Flyway upgrade recommended: H2 2.2.224 is newer than this version of Flyway and support has not been tested. The latest supported version of H2 is 2.2.220.
2024.06.05 17:47:04 INFO  no build target found for /Users/szymon/Documents/Studia-UWr/Scala/lista1/uglystuff/src/main/scala/Main.scala. Using presentation compiler with project's scala-library version: 3.3.3
2024.06.05 17:52:23 INFO  no build target found for /Users/szymon/Documents/Studia-UWr/Scala/lista1/uglystuff/src/main/scala/Main.scala. Using presentation compiler with project's scala-library version: 3.3.3
2024.06.05 17:52:36 INFO  Shutting down server
2024.06.05 17:52:36 INFO  shutting down Metals
2024.06.05 17:52:36 INFO  Exiting server
2024.06.12 22:25:32 INFO  Started: Metals version 1.3.1 in folders '/Users/szymon/Documents/Studia-UWr/Scala/lista1' for client Visual Studio Code 1.90.0.
SLF4J(W): Class path contains multiple SLF4J providers.
SLF4J(W): Found provider [scribe.slf4j.ScribeServiceProvider@1fd5634]
SLF4J(W): Found provider [ch.qos.logback.classic.spi.LogbackServiceProvider@b1551de]
SLF4J(W): See https://www.slf4j.org/codes.html#multiple_bindings for an explanation.
SLF4J(I): Actual provider is of type [scribe.slf4j.ScribeServiceProvider@1fd5634]
2024.06.12 22:25:32 WARN  Flyway upgrade recommended: H2 2.2.224 is newer than this version of Flyway and support has not been tested. The latest supported version of H2 is 2.2.220.
2024.06.12 22:25:35 INFO  no build target found for /Users/szymon/Documents/Studia-UWr/Scala/lista1/uglystuff/src/main/scala/Main.scala. Using presentation compiler with project's scala-library version: 3.3.3
2024.06.12 22:42:15 INFO  no build target found for /Users/szymon/Documents/Studia-UWr/Scala/lista1/uglystuff/src/main/scala/Main.scala. Using presentation compiler with project's scala-library version: 3.3.3
2024.06.12 22:42:32 INFO  Shutting down server
2024.06.12 22:42:32 INFO  shutting down Metals
2024.06.12 22:42:32 INFO  Exiting server
